{"meta": {"format": 3, "version": "7.10.3", "timestamp": "2025-08-20T04:45:06.311385", "branch_coverage": false, "show_contexts": false}, "files": {"analysis_viz.py": {"executed_lines": [], "summary": {"covered_lines": 0, "num_statements": 489, "percent_covered": 0.0, "percent_covered_display": "0", "missing_lines": 489, "excluded_lines": 0}, "missing_lines": [14, 15, 16, 17, 18, 20, 21, 22, 25, 28, 29, 30, 31, 32, 33, 34, 35, 38, 39, 42, 56, 63, 64, 67, 77, 79, 81, 83, 89, 90, 91, 92, 94, 95, 97, 98, 99, 101, 103, 104, 105, 106, 107, 108, 110, 111, 112, 113, 114, 116, 118, 119, 122, 128, 129, 130, 131, 132, 134, 135, 136, 138, 139, 141, 142, 143, 145, 147, 150, 151, 159, 162, 165, 168, 170, 172, 173, 174, 181, 182, 184, 185, 187, 189, 191, 192, 200, 203, 206, 209, 211, 213, 214, 215, 222, 223, 225, 226, 228, 230, 232, 233, 241, 244, 247, 250, 252, 254, 255, 256, 263, 264, 266, 267, 269, 271, 273, 274, 277, 280, 283, 286, 288, 290, 291, 292, 299, 300, 302, 303, 305, 307, 309, 310, 311, 312, 314, 315, 323, 326, 329, 332, 334, 336, 337, 338, 345, 346, 348, 349, 351, 353, 356, 359, 362, 370, 371, 372, 375, 376, 377, 380, 381, 382, 385, 386, 387, 390, 391, 392, 393, 394, 395, 398, 399, 400, 403, 404, 405, 407, 408, 409, 416, 417, 419, 420, 423, 425, 426, 427, 429, 430, 431, 432, 433, 436, 445, 447, 448, 449, 456, 457, 458, 459, 462, 463, 464, 473, 475, 476, 477, 484, 485, 486, 487, 490, 491, 492, 501, 503, 512, 523, 533, 534, 536, 538, 539, 540, 542, 543, 550, 551, 552, 553, 554, 556, 558, 559, 566, 567, 568, 569, 571, 573, 574, 576, 577, 578, 579, 580, 582, 584, 594, 595, 598, 599, 600, 602, 603, 604, 605, 607, 609, 612, 613, 614, 617, 618, 619, 621, 628, 635, 643, 644, 645, 646, 647, 649, 651, 659, 660, 662, 671, 674, 675, 683, 684, 685, 686, 688, 690, 691, 692, 695, 696, 698, 699, 700, 701, 702, 703, 706, 707, 708, 716, 718, 732, 735, 737, 738, 739, 740, 741, 742, 745, 748, 749, 750, 760, 762, 764, 765, 772, 773, 774, 775, 776, 778, 780, 781, 782, 785, 786, 788, 795, 803, 805, 806, 807, 808, 809, 811, 813, 814, 817, 818, 821, 822, 824, 825, 831, 832, 833, 834, 835, 837, 839, 846, 847, 855, 856, 857, 860, 861, 862, 872, 874, 876, 895, 896, 898, 899, 900, 901, 902, 904, 914, 916, 918, 919, 920, 922, 924, 927, 930, 931, 932, 933, 941, 942, 943, 944, 945, 946, 947, 955, 957, 958, 959, 961, 963, 966, 969, 970, 971, 972, 975, 976, 977, 985, 987, 988, 989, 992, 997, 998, 1004, 1005, 1006, 1007, 1008, 1010, 1012, 1013, 1014, 1017, 1022, 1028, 1029, 1030, 1031, 1033, 1035, 1048, 1050, 1060, 1061, 1064, 1066, 1067, 1074, 1080, 1083, 1085, 1088, 1089, 1091, 1092, 1095, 1098, 1099, 1100, 1101, 1103, 1104, 1105, 1106, 1107, 1108, 1110, 1111, 1112, 1113, 1115, 1116, 1117, 1118, 1119, 1120, 1122, 1123, 1124, 1125, 1127, 1128, 1129, 1130, 1133, 1134, 1135, 1136, 1138, 1139, 1140, 1141, 1142, 1143, 1146, 1147], "excluded_lines": [], "functions": {"TradingAnalysisVisualizer.__init__": {"executed_lines": [], "summary": {"covered_lines": 0, "num_statements": 4, "percent_covered": 0.0, "percent_covered_display": "0", "missing_lines": 4, "excluded_lines": 0}, "missing_lines": [63, 64, 67, 77], "excluded_lines": []}, "TradingAnalysisVisualizer.load_ml_data": {"executed_lines": [], "summary": {"covered_lines": 0, "num_statements": 11, "percent_covered": 0.0, "percent_covered_display": "0", "missing_lines": 11, "excluded_lines": 0}, "missing_lines": [81, 83, 89, 90, 91, 92, 94, 95, 97, 98, 99], "excluded_lines": []}, "TradingAnalysisVisualizer.load_persistence_data": {"executed_lines": [], "summary": {"covered_lines": 0, "num_statements": 11, "percent_covered": 0.0, "percent_covered_display": "0", "missing_lines": 11, "excluded_lines": 0}, "missing_lines": [103, 104, 105, 106, 107, 108, 110, 111, 112, 113, 114], "excluded_lines": []}, "TradingAnalysisVisualizer.load_performance_data": {"executed_lines": [], "summary": {"covered_lines": 0, "num_statements": 16, "percent_covered": 0.0, "percent_covered_display": "0", "missing_lines": 16, "excluded_lines": 0}, "missing_lines": [118, 119, 122, 128, 129, 130, 131, 132, 134, 135, 136, 138, 139, 141, 142, 143], "excluded_lines": []}, "TradingAnalysisVisualizer.create_ml_learning_plots": {"executed_lines": [], "summary": {"covered_lines": 0, "num_statements": 15, "percent_covered": 0.0, "percent_covered_display": "0", "missing_lines": 15, "excluded_lines": 0}, "missing_lines": [147, 150, 151, 159, 162, 165, 168, 170, 172, 173, 174, 181, 182, 184, 185], "excluded_lines": []}, "TradingAnalysisVisualizer.create_prediction_analysis_plots": {"executed_lines": [], "summary": {"covered_lines": 0, "num_statements": 15, "percent_covered": 0.0, "percent_covered_display": "0", "missing_lines": 15, "excluded_lines": 0}, "missing_lines": [189, 191, 192, 200, 203, 206, 209, 211, 213, 214, 215, 222, 223, 225, 226], "excluded_lines": []}, "TradingAnalysisVisualizer.create_strategy_performance_plots": {"executed_lines": [], "summary": {"covered_lines": 0, "num_statements": 15, "percent_covered": 0.0, "percent_covered_display": "0", "missing_lines": 15, "excluded_lines": 0}, "missing_lines": [230, 232, 233, 241, 244, 247, 250, 252, 254, 255, 256, 263, 264, 266, 267], "excluded_lines": []}, "TradingAnalysisVisualizer.create_risk_analysis_plots": {"executed_lines": [], "summary": {"covered_lines": 0, "num_statements": 15, "percent_covered": 0.0, "percent_covered_display": "0", "missing_lines": 15, "excluded_lines": 0}, "missing_lines": [271, 273, 274, 277, 280, 283, 286, 288, 290, 291, 292, 299, 300, 302, 303], "excluded_lines": []}, "TradingAnalysisVisualizer.create_persistence_analysis_plots": {"executed_lines": [], "summary": {"covered_lines": 0, "num_statements": 19, "percent_covered": 0.0, "percent_covered_display": "0", "missing_lines": 19, "excluded_lines": 0}, "missing_lines": [307, 309, 310, 311, 312, 314, 315, 323, 326, 329, 332, 334, 336, 337, 338, 345, 346, 348, 349], "excluded_lines": []}, "TradingAnalysisVisualizer.create_comprehensive_dashboard": {"executed_lines": [], "summary": {"covered_lines": 0, "num_statements": 35, "percent_covered": 0.0, "percent_covered_display": "0", "missing_lines": 35, "excluded_lines": 0}, "missing_lines": [353, 356, 359, 362, 370, 371, 372, 375, 376, 377, 380, 381, 382, 385, 386, 387, 390, 391, 392, 393, 394, 395, 398, 399, 400, 403, 404, 405, 407, 408, 409, 416, 417, 419, 420], "excluded_lines": []}, "TradingAnalysisVisualizer._plot_trade_count_simulation": {"executed_lines": [], "summary": {"covered_lines": 0, "num_statements": 9, "percent_covered": 0.0, "percent_covered_display": "0", "missing_lines": 9, "excluded_lines": 0}, "missing_lines": [425, 426, 427, 429, 430, 431, 432, 433, 436], "excluded_lines": []}, "TradingAnalysisVisualizer._plot_model_performance_simulation": {"executed_lines": [], "summary": {"covered_lines": 0, "num_statements": 10, "percent_covered": 0.0, "percent_covered_display": "0", "missing_lines": 10, "excluded_lines": 0}, "missing_lines": [447, 448, 449, 456, 457, 458, 459, 462, 463, 464], "excluded_lines": []}, "TradingAnalysisVisualizer._plot_strategy_comparison_simulation": {"executed_lines": [], "summary": {"covered_lines": 0, "num_statements": 10, "percent_covered": 0.0, "percent_covered_display": "0", "missing_lines": 10, "excluded_lines": 0}, "missing_lines": [475, 476, 477, 484, 485, 486, 487, 490, 491, 492], "excluded_lines": []}, "TradingAnalysisVisualizer._plot_learning_summary_simulation": {"executed_lines": [], "summary": {"covered_lines": 0, "num_statements": 5, "percent_covered": 0.0, "percent_covered_display": "0", "missing_lines": 5, "excluded_lines": 0}, "missing_lines": [503, 512, 523, 533, 534], "excluded_lines": []}, "TradingAnalysisVisualizer._plot_predicted_vs_actual_simulation": {"executed_lines": [], "summary": {"covered_lines": 0, "num_statements": 10, "percent_covered": 0.0, "percent_covered_display": "0", "missing_lines": 10, "excluded_lines": 0}, "missing_lines": [538, 539, 540, 542, 543, 550, 551, 552, 553, 554], "excluded_lines": []}, "TradingAnalysisVisualizer._plot_confidence_distribution_simulation": {"executed_lines": [], "summary": {"covered_lines": 0, "num_statements": 6, "percent_covered": 0.0, "percent_covered_display": "0", "missing_lines": 6, "excluded_lines": 0}, "missing_lines": [558, 559, 566, 567, 568, 569], "excluded_lines": []}, "TradingAnalysisVisualizer._plot_prediction_error_simulation": {"executed_lines": [], "summary": {"covered_lines": 0, "num_statements": 7, "percent_covered": 0.0, "percent_covered_display": "0", "missing_lines": 7, "excluded_lines": 0}, "missing_lines": [573, 574, 576, 577, 578, 579, 580], "excluded_lines": []}, "TradingAnalysisVisualizer._plot_feature_importance_simulation": {"executed_lines": [], "summary": {"covered_lines": 0, "num_statements": 10, "percent_covered": 0.0, "percent_covered_display": "0", "missing_lines": 10, "excluded_lines": 0}, "missing_lines": [584, 594, 595, 598, 599, 600, 602, 603, 604, 605], "excluded_lines": []}, "TradingAnalysisVisualizer._plot_cumulative_returns_simulation": {"executed_lines": [], "summary": {"covered_lines": 0, "num_statements": 15, "percent_covered": 0.0, "percent_covered_display": "0", "missing_lines": 15, "excluded_lines": 0}, "missing_lines": [609, 612, 613, 614, 617, 618, 619, 621, 628, 635, 643, 644, 645, 646, 647], "excluded_lines": []}, "TradingAnalysisVisualizer._plot_risk_return_simulation": {"executed_lines": [], "summary": {"covered_lines": 0, "num_statements": 11, "percent_covered": 0.0, "percent_covered_display": "0", "missing_lines": 11, "excluded_lines": 0}, "missing_lines": [651, 659, 660, 662, 671, 674, 675, 683, 684, 685, 686], "excluded_lines": []}, "TradingAnalysisVisualizer._plot_drawdown_simulation": {"executed_lines": [], "summary": {"covered_lines": 0, "num_statements": 14, "percent_covered": 0.0, "percent_covered_display": "0", "missing_lines": 14, "excluded_lines": 0}, "missing_lines": [690, 691, 692, 695, 696, 698, 699, 700, 701, 702, 703, 706, 707, 708], "excluded_lines": []}, "TradingAnalysisVisualizer._plot_monthly_returns_simulation": {"executed_lines": [], "summary": {"covered_lines": 0, "num_statements": 13, "percent_covered": 0.0, "percent_covered_display": "0", "missing_lines": 13, "excluded_lines": 0}, "missing_lines": [718, 732, 735, 737, 738, 739, 740, 741, 742, 745, 748, 749, 750], "excluded_lines": []}, "TradingAnalysisVisualizer._plot_profit_distribution_simulation": {"executed_lines": [], "summary": {"covered_lines": 0, "num_statements": 8, "percent_covered": 0.0, "percent_covered_display": "0", "missing_lines": 8, "excluded_lines": 0}, "missing_lines": [762, 764, 765, 772, 773, 774, 775, 776], "excluded_lines": []}, "TradingAnalysisVisualizer._plot_max_drawdown_simulation": {"executed_lines": [], "summary": {"covered_lines": 0, "num_statements": 13, "percent_covered": 0.0, "percent_covered_display": "0", "missing_lines": 13, "excluded_lines": 0}, "missing_lines": [780, 781, 782, 785, 786, 788, 795, 803, 805, 806, 807, 808, 809], "excluded_lines": []}, "TradingAnalysisVisualizer._plot_volatility_simulation": {"executed_lines": [], "summary": {"covered_lines": 0, "num_statements": 13, "percent_covered": 0.0, "percent_covered_display": "0", "missing_lines": 13, "excluded_lines": 0}, "missing_lines": [813, 814, 817, 818, 821, 822, 824, 825, 831, 832, 833, 834, 835], "excluded_lines": []}, "TradingAnalysisVisualizer._plot_risk_metrics_simulation": {"executed_lines": [], "summary": {"covered_lines": 0, "num_statements": 10, "percent_covered": 0.0, "percent_covered_display": "0", "missing_lines": 10, "excluded_lines": 0}, "missing_lines": [839, 846, 847, 855, 856, 857, 860, 861, 862, 872], "excluded_lines": []}, "TradingAnalysisVisualizer._create_persistence_simulation": {"executed_lines": [], "summary": {"covered_lines": 0, "num_statements": 10, "percent_covered": 0.0, "percent_covered_display": "0", "missing_lines": 10, "excluded_lines": 0}, "missing_lines": [876, 895, 896, 898, 899, 900, 901, 902, 904, 914], "excluded_lines": []}, "TradingAnalysisVisualizer._plot_importance_persistence": {"executed_lines": [], "summary": {"covered_lines": 0, "num_statements": 17, "percent_covered": 0.0, "percent_covered_display": "0", "missing_lines": 17, "excluded_lines": 0}, "missing_lines": [918, 919, 920, 922, 924, 927, 930, 931, 932, 933, 941, 942, 943, 944, 945, 946, 947], "excluded_lines": []}, "TradingAnalysisVisualizer._plot_rank_stability_heatmap": {"executed_lines": [], "summary": {"covered_lines": 0, "num_statements": 13, "percent_covered": 0.0, "percent_covered_display": "0", "missing_lines": 13, "excluded_lines": 0}, "missing_lines": [957, 958, 959, 961, 963, 966, 969, 970, 971, 972, 975, 976, 977], "excluded_lines": []}, "TradingAnalysisVisualizer._plot_alpha_generation": {"executed_lines": [], "summary": {"covered_lines": 0, "num_statements": 11, "percent_covered": 0.0, "percent_covered_display": "0", "missing_lines": 11, "excluded_lines": 0}, "missing_lines": [987, 988, 989, 992, 997, 998, 1004, 1005, 1006, 1007, 1008], "excluded_lines": []}, "TradingAnalysisVisualizer._plot_stability_metrics": {"executed_lines": [], "summary": {"covered_lines": 0, "num_statements": 9, "percent_covered": 0.0, "percent_covered_display": "0", "missing_lines": 9, "excluded_lines": 0}, "missing_lines": [1012, 1013, 1014, 1017, 1022, 1028, 1029, 1030, 1031], "excluded_lines": []}, "TradingAnalysisVisualizer._plot_summary_statistics": {"executed_lines": [], "summary": {"covered_lines": 0, "num_statements": 5, "percent_covered": 0.0, "percent_covered_display": "0", "missing_lines": 5, "excluded_lines": 0}, "missing_lines": [1035, 1048, 1050, 1060, 1061], "excluded_lines": []}, "main": {"executed_lines": [], "summary": {"covered_lines": 0, "num_statements": 49, "percent_covered": 0.0, "percent_covered_display": "0", "missing_lines": 49, "excluded_lines": 0}, "missing_lines": [1066, 1067, 1074, 1080, 1083, 1085, 1088, 1089, 1091, 1092, 1095, 1098, 1099, 1100, 1101, 1103, 1104, 1105, 1106, 1107, 1108, 1110, 1111, 1112, 1113, 1115, 1116, 1117, 1118, 1119, 1120, 1122, 1123, 1124, 1125, 1127, 1128, 1129, 1130, 1133, 1134, 1135, 1136, 1138, 1139, 1140, 1141, 1142, 1143], "excluded_lines": []}, "": {"executed_lines": [], "summary": {"covered_lines": 0, "num_statements": 55, "percent_covered": 0.0, "percent_covered_display": "0", "missing_lines": 55, "excluded_lines": 0}, "missing_lines": [14, 15, 16, 17, 18, 20, 21, 22, 25, 28, 29, 30, 31, 32, 33, 34, 35, 38, 39, 42, 56, 79, 101, 116, 145, 187, 228, 269, 305, 351, 423, 445, 473, 501, 536, 556, 571, 582, 607, 649, 688, 716, 760, 778, 811, 837, 874, 916, 955, 985, 1010, 1033, 1064, 1146, 1147], "excluded_lines": []}}, "classes": {"TradingAnalysisVisualizer": {"executed_lines": [], "summary": {"covered_lines": 0, "num_statements": 385, "percent_covered": 0.0, "percent_covered_display": "0", "missing_lines": 385, "excluded_lines": 0}, "missing_lines": [63, 64, 67, 77, 81, 83, 89, 90, 91, 92, 94, 95, 97, 98, 99, 103, 104, 105, 106, 107, 108, 110, 111, 112, 113, 114, 118, 119, 122, 128, 129, 130, 131, 132, 134, 135, 136, 138, 139, 141, 142, 143, 147, 150, 151, 159, 162, 165, 168, 170, 172, 173, 174, 181, 182, 184, 185, 189, 191, 192, 200, 203, 206, 209, 211, 213, 214, 215, 222, 223, 225, 226, 230, 232, 233, 241, 244, 247, 250, 252, 254, 255, 256, 263, 264, 266, 267, 271, 273, 274, 277, 280, 283, 286, 288, 290, 291, 292, 299, 300, 302, 303, 307, 309, 310, 311, 312, 314, 315, 323, 326, 329, 332, 334, 336, 337, 338, 345, 346, 348, 349, 353, 356, 359, 362, 370, 371, 372, 375, 376, 377, 380, 381, 382, 385, 386, 387, 390, 391, 392, 393, 394, 395, 398, 399, 400, 403, 404, 405, 407, 408, 409, 416, 417, 419, 420, 425, 426, 427, 429, 430, 431, 432, 433, 436, 447, 448, 449, 456, 457, 458, 459, 462, 463, 464, 475, 476, 477, 484, 485, 486, 487, 490, 491, 492, 503, 512, 523, 533, 534, 538, 539, 540, 542, 543, 550, 551, 552, 553, 554, 558, 559, 566, 567, 568, 569, 573, 574, 576, 577, 578, 579, 580, 584, 594, 595, 598, 599, 600, 602, 603, 604, 605, 609, 612, 613, 614, 617, 618, 619, 621, 628, 635, 643, 644, 645, 646, 647, 651, 659, 660, 662, 671, 674, 675, 683, 684, 685, 686, 690, 691, 692, 695, 696, 698, 699, 700, 701, 702, 703, 706, 707, 708, 718, 732, 735, 737, 738, 739, 740, 741, 742, 745, 748, 749, 750, 762, 764, 765, 772, 773, 774, 775, 776, 780, 781, 782, 785, 786, 788, 795, 803, 805, 806, 807, 808, 809, 813, 814, 817, 818, 821, 822, 824, 825, 831, 832, 833, 834, 835, 839, 846, 847, 855, 856, 857, 860, 861, 862, 872, 876, 895, 896, 898, 899, 900, 901, 902, 904, 914, 918, 919, 920, 922, 924, 927, 930, 931, 932, 933, 941, 942, 943, 944, 945, 946, 947, 957, 958, 959, 961, 963, 966, 969, 970, 971, 972, 975, 976, 977, 987, 988, 989, 992, 997, 998, 1004, 1005, 1006, 1007, 1008, 1012, 1013, 1014, 1017, 1022, 1028, 1029, 1030, 1031, 1035, 1048, 1050, 1060, 1061], "excluded_lines": []}, "": {"executed_lines": [], "summary": {"covered_lines": 0, "num_statements": 104, "percent_covered": 0.0, "percent_covered_display": "0", "missing_lines": 104, "excluded_lines": 0}, "missing_lines": [14, 15, 16, 17, 18, 20, 21, 22, 25, 28, 29, 30, 31, 32, 33, 34, 35, 38, 39, 42, 56, 79, 101, 116, 145, 187, 228, 269, 305, 351, 423, 445, 473, 501, 536, 556, 571, 582, 607, 649, 688, 716, 760, 778, 811, 837, 874, 916, 955, 985, 1010, 1033, 1064, 1066, 1067, 1074, 1080, 1083, 1085, 1088, 1089, 1091, 1092, 1095, 1098, 1099, 1100, 1101, 1103, 1104, 1105, 1106, 1107, 1108, 1110, 1111, 1112, 1113, 1115, 1116, 1117, 1118, 1119, 1120, 1122, 1123, 1124, 1125, 1127, 1128, 1129, 1130, 1133, 1134, 1135, 1136, 1138, 1139, 1140, 1141, 1142, 1143, 1146, 1147], "excluded_lines": []}}}, "attic/_quarantine_20250819/test_asset_class_composer.py": {"executed_lines": [2, 7, 8, 10, 11, 14, 17, 20, 23, 69, 82, 121, 155, 215, 230, 257], "summary": {"covered_lines": 15, "num_statements": 101, "percent_covered": 14.851485148514852, "percent_covered_display": "15", "missing_lines": 86, "excluded_lines": 0}, "missing_lines": [25, 26, 29, 31, 32, 33, 34, 36, 37, 38, 39, 41, 42, 43, 46, 47, 48, 51, 52, 55, 66, 71, 73, 75, 77, 78, 79, 84, 87, 88, 90, 93, 100, 101, 104, 107, 109, 110, 114, 115, 116, 117, 118, 123, 126, 127, 129, 132, 134, 135, 138, 141, 142, 145, 147, 148, 157, 160, 161, 163, 166, 205, 206, 208, 210, 211, 212, 217, 220, 221, 224, 225, 226, 227, 232, 234, 236, 239, 242, 245, 248, 250, 252, 253, 254, 258], "excluded_lines": [], "functions": {"create_asset_specific_data": {"executed_lines": [], "summary": {"covered_lines": 0, "num_statements": 21, "percent_covered": 0.0, "percent_covered_display": "0", "missing_lines": 21, "excluded_lines": 0}, "missing_lines": [25, 26, 29, 31, 32, 33, 34, 36, 37, 38, 39, 41, 42, 43, 46, 47, 48, 51, 52, 55, 66], "excluded_lines": []}, "test_asset_class_detection": {"executed_lines": [], "summary": {"covered_lines": 0, "num_statements": 6, "percent_covered": 0.0, "percent_covered_display": "0", "missing_lines": 6, "excluded_lines": 0}, "missing_lines": [71, 73, 75, 77, 78, 79], "excluded_lines": []}, "test_asset_class_composer_decisions": {"executed_lines": [], "summary": {"covered_lines": 0, "num_statements": 16, "percent_covered": 0.0, "percent_covered_display": "0", "missing_lines": 16, "excluded_lines": 0}, "missing_lines": [84, 87, 88, 90, 93, 100, 101, 104, 107, 109, 110, 114, 115, 116, 117, 118], "excluded_lines": []}, "test_walkforward_integration": {"executed_lines": [], "summary": {"covered_lines": 0, "num_statements": 13, "percent_covered": 0.0, "percent_covered_display": "0", "missing_lines": 13, "excluded_lines": 0}, "missing_lines": [123, 126, 127, 129, 132, 134, 135, 138, 141, 142, 145, 147, 148], "excluded_lines": []}, "test_performance_evaluation": {"executed_lines": [], "summary": {"covered_lines": 0, "num_statements": 11, "percent_covered": 0.0, "percent_covered_display": "0", "missing_lines": 11, "excluded_lines": 0}, "missing_lines": [157, 160, 161, 163, 166, 205, 206, 208, 210, 211, 212], "excluded_lines": []}, "test_configuration_overrides": {"executed_lines": [], "summary": {"covered_lines": 0, "num_statements": 7, "percent_covered": 0.0, "percent_covered_display": "0", "missing_lines": 7, "excluded_lines": 0}, "missing_lines": [217, 220, 221, 224, 225, 226, 227], "excluded_lines": []}, "main": {"executed_lines": [], "summary": {"covered_lines": 0, "num_statements": 11, "percent_covered": 0.0, "percent_covered_display": "0", "missing_lines": 11, "excluded_lines": 0}, "missing_lines": [232, 234, 236, 239, 242, 245, 248, 250, 252, 253, 254], "excluded_lines": []}, "": {"executed_lines": [2, 7, 8, 10, 11, 14, 17, 20, 23, 69, 82, 121, 155, 215, 230, 257], "summary": {"covered_lines": 15, "num_statements": 16, "percent_covered": 93.75, "percent_covered_display": "94", "missing_lines": 1, "excluded_lines": 0}, "missing_lines": [258], "excluded_lines": []}}, "classes": {"": {"executed_lines": [2, 7, 8, 10, 11, 14, 17, 20, 23, 69, 82, 121, 155, 215, 230, 257], "summary": {"covered_lines": 15, "num_statements": 101, "percent_covered": 14.851485148514852, "percent_covered_display": "15", "missing_lines": 86, "excluded_lines": 0}, "missing_lines": [25, 26, 29, 31, 32, 33, 34, 36, 37, 38, 39, 41, 42, 43, 46, 47, 48, 51, 52, 55, 66, 71, 73, 75, 77, 78, 79, 84, 87, 88, 90, 93, 100, 101, 104, 107, 109, 110, 114, 115, 116, 117, 118, 123, 126, 127, 129, 132, 134, 135, 138, 141, 142, 145, 147, 148, 157, 160, 161, 163, 166, 205, 206, 208, 210, 211, 212, 217, 220, 221, 224, 225, 226, 227, 232, 234, 236, 239, 242, 245, 248, 250, 252, 253, 254, 258], "excluded_lines": []}}}, "attic/_quarantine_20250819/test_composer_system.py": {"executed_lines": [2, 7, 8, 9, 11, 14, 17, 19, 20, 21, 24, 30, 33, 54, 118, 145, 224, 254, 278], "summary": {"covered_lines": 18, "num_statements": 109, "percent_covered": 16.513761467889907, "percent_covered_display": "17", "missing_lines": 91, "excluded_lines": 0}, "missing_lines": [36, 37, 38, 41, 42, 43, 46, 49, 51, 56, 59, 96, 97, 98, 99, 102, 103, 104, 105, 106, 109, 110, 111, 112, 113, 114, 115, 120, 123, 126, 135, 136, 138, 139, 140, 141, 142, 147, 150, 153, 162, 163, 164, 171, 172, 173, 175, 176, 177, 184, 185, 186, 188, 189, 190, 197, 198, 199, 202, 209, 212, 215, 217, 218, 219, 220, 221, 226, 229, 230, 233, 235, 239, 245, 246, 247, 248, 249, 250, 251, 256, 258, 260, 263, 266, 269, 271, 273, 274, 275, 279], "excluded_lines": [], "functions": {"create_mock_market_data": {"executed_lines": [], "summary": {"covered_lines": 0, "num_statements": 9, "percent_covered": 0.0, "percent_covered_display": "0", "missing_lines": 9, "excluded_lines": 0}, "missing_lines": [36, 37, 38, 41, 42, 43, 46, 49, 51], "excluded_lines": []}, "test_composite_scoring": {"executed_lines": [], "summary": {"covered_lines": 0, "num_statements": 18, "percent_covered": 0.0, "percent_covered_display": "0", "missing_lines": 18, "excluded_lines": 0}, "missing_lines": [56, 59, 96, 97, 98, 99, 102, 103, 104, 105, 106, 109, 110, 111, 112, 113, 114, 115], "excluded_lines": []}, "test_regime_extraction": {"executed_lines": [], "summary": {"covered_lines": 0, "num_statements": 10, "percent_covered": 0.0, "percent_covered_display": "0", "missing_lines": 10, "excluded_lines": 0}, "missing_lines": [120, 123, 126, 135, 136, 138, 139, 140, 141, 142], "excluded_lines": []}, "test_composer_system": {"executed_lines": [], "summary": {"covered_lines": 0, "num_statements": 24, "percent_covered": 0.0, "percent_covered_display": "0", "missing_lines": 24, "excluded_lines": 0}, "missing_lines": [147, 150, 153, 162, 163, 171, 172, 175, 176, 184, 185, 188, 189, 197, 198, 202, 209, 212, 215, 217, 218, 219, 220, 221], "excluded_lines": []}, "test_composer_system.MockMomentumStrategy.predict": {"executed_lines": [], "summary": {"covered_lines": 0, "num_statements": 1, "percent_covered": 0.0, "percent_covered_display": "0", "missing_lines": 1, "excluded_lines": 0}, "missing_lines": [164], "excluded_lines": []}, "test_composer_system.MockMomentumStrategy.name": {"executed_lines": [], "summary": {"covered_lines": 0, "num_statements": 1, "percent_covered": 0.0, "percent_covered_display": "0", "missing_lines": 1, "excluded_lines": 0}, "missing_lines": [173], "excluded_lines": []}, "test_composer_system.MockMeanReversionStrategy.predict": {"executed_lines": [], "summary": {"covered_lines": 0, "num_statements": 1, "percent_covered": 0.0, "percent_covered_display": "0", "missing_lines": 1, "excluded_lines": 0}, "missing_lines": [177], "excluded_lines": []}, "test_composer_system.MockMeanReversionStrategy.name": {"executed_lines": [], "summary": {"covered_lines": 0, "num_statements": 1, "percent_covered": 0.0, "percent_covered_display": "0", "missing_lines": 1, "excluded_lines": 0}, "missing_lines": [186], "excluded_lines": []}, "test_composer_system.MockBreakoutStrategy.predict": {"executed_lines": [], "summary": {"covered_lines": 0, "num_statements": 1, "percent_covered": 0.0, "percent_covered_display": "0", "missing_lines": 1, "excluded_lines": 0}, "missing_lines": [190], "excluded_lines": []}, "test_composer_system.MockBreakoutStrategy.name": {"executed_lines": [], "summary": {"covered_lines": 0, "num_statements": 1, "percent_covered": 0.0, "percent_covered_display": "0", "missing_lines": 1, "excluded_lines": 0}, "missing_lines": [199], "excluded_lines": []}, "test_config_loading": {"executed_lines": [], "summary": {"covered_lines": 0, "num_statements": 13, "percent_covered": 0.0, "percent_covered_display": "0", "missing_lines": 13, "excluded_lines": 0}, "missing_lines": [226, 229, 230, 233, 235, 239, 245, 246, 247, 248, 249, 250, 251], "excluded_lines": []}, "main": {"executed_lines": [], "summary": {"covered_lines": 0, "num_statements": 10, "percent_covered": 0.0, "percent_covered_display": "0", "missing_lines": 10, "excluded_lines": 0}, "missing_lines": [256, 258, 260, 263, 266, 269, 271, 273, 274, 275], "excluded_lines": []}, "": {"executed_lines": [2, 7, 8, 9, 11, 14, 17, 19, 20, 21, 24, 30, 33, 54, 118, 145, 224, 254, 278], "summary": {"covered_lines": 18, "num_statements": 19, "percent_covered": 94.73684210526316, "percent_covered_display": "95", "missing_lines": 1, "excluded_lines": 0}, "missing_lines": [279], "excluded_lines": []}}, "classes": {"test_composer_system.MockMomentumStrategy": {"executed_lines": [], "summary": {"covered_lines": 0, "num_statements": 2, "percent_covered": 0.0, "percent_covered_display": "0", "missing_lines": 2, "excluded_lines": 0}, "missing_lines": [164, 173], "excluded_lines": []}, "test_composer_system.MockMeanReversionStrategy": {"executed_lines": [], "summary": {"covered_lines": 0, "num_statements": 2, "percent_covered": 0.0, "percent_covered_display": "0", "missing_lines": 2, "excluded_lines": 0}, "missing_lines": [177, 186], "excluded_lines": []}, "test_composer_system.MockBreakoutStrategy": {"executed_lines": [], "summary": {"covered_lines": 0, "num_statements": 2, "percent_covered": 0.0, "percent_covered_display": "0", "missing_lines": 2, "excluded_lines": 0}, "missing_lines": [190, 199], "excluded_lines": []}, "": {"executed_lines": [2, 7, 8, 9, 11, 14, 17, 19, 20, 21, 24, 30, 33, 54, 118, 145, 224, 254, 278], "summary": {"covered_lines": 18, "num_statements": 103, "percent_covered": 17.475728155339805, "percent_covered_display": "17", "missing_lines": 85, "excluded_lines": 0}, "missing_lines": [36, 37, 38, 41, 42, 43, 46, 49, 51, 56, 59, 96, 97, 98, 99, 102, 103, 104, 105, 106, 109, 110, 111, 112, 113, 114, 115, 120, 123, 126, 135, 136, 138, 139, 140, 141, 142, 147, 150, 153, 162, 163, 171, 172, 175, 176, 184, 185, 188, 189, 197, 198, 202, 209, 212, 215, 217, 218, 219, 220, 221, 226, 229, 230, 233, 235, 239, 245, 246, 247, 248, 249, 250, 251, 256, 258, 260, 263, 266, 269, 271, 273, 274, 275, 279], "excluded_lines": []}}}, "attic/_quarantine_20250819/test_live_paper_trading.py": {"executed_lines": [2, 9, 10, 11, 12, 13, 14, 16, 18, 19, 22, 23, 26, 27, 29, 53, 96, 153, 277, 323, 368, 398], "summary": {"covered_lines": 20, "num_statements": 169, "percent_covered": 11.834319526627219, "percent_covered_display": "12", "missing_lines": 149, "excluded_lines": 0}, "missing_lines": [36, 37, 38, 39, 40, 41, 44, 60, 61, 63, 64, 65, 68, 70, 71, 72, 75, 76, 77, 78, 82, 85, 86, 87, 88, 89, 90, 91, 92, 94, 106, 127, 128, 129, 132, 133, 145, 146, 147, 151, 160, 163, 165, 166, 169, 172, 173, 174, 177, 178, 179, 180, 181, 182, 185, 186, 188, 190, 191, 193, 196, 204, 207, 208, 209, 210, 211, 216, 219, 221, 222, 223, 226, 227, 228, 231, 232, 235, 236, 237, 238, 239, 240, 243, 244, 245, 248, 250, 253, 272, 274, 275, 284, 285, 287, 290, 291, 292, 295, 306, 307, 308, 311, 312, 313, 314, 315, 317, 318, 319, 320, 321, 330, 332, 333, 334, 335, 338, 339, 340, 341, 343, 344, 345, 346, 347, 348, 349, 350, 351, 352, 355, 356, 357, 358, 359, 360, 361, 365, 371, 379, 380, 383, 386, 389, 392, 394, 395, 399], "excluded_lines": [], "functions": {"LivePaperTradingTester.__init__": {"executed_lines": [], "summary": {"covered_lines": 0, "num_statements": 7, "percent_covered": 0.0, "percent_covered_display": "0", "missing_lines": 7, "excluded_lines": 0}, "missing_lines": [36, 37, 38, 39, 40, 41, 44], "excluded_lines": []}, "LivePaperTradingTester.load_signal_templates": {"executed_lines": [], "summary": {"covered_lines": 0, "num_statements": 23, "percent_covered": 0.0, "percent_covered_display": "0", "missing_lines": 23, "excluded_lines": 0}, "missing_lines": [60, 61, 63, 64, 65, 68, 70, 71, 72, 75, 76, 77, 78, 82, 85, 86, 87, 88, 89, 90, 91, 92, 94], "excluded_lines": []}, "LivePaperTradingTester.create_paper_trading_config": {"executed_lines": [], "summary": {"covered_lines": 0, "num_statements": 10, "percent_covered": 0.0, "percent_covered_display": "0", "missing_lines": 10, "excluded_lines": 0}, "missing_lines": [106, 127, 128, 129, 132, 133, 145, 146, 147, 151], "excluded_lines": []}, "LivePaperTradingTester.run_live_paper_trading_test": {"executed_lines": [], "summary": {"covered_lines": 0, "num_statements": 52, "percent_covered": 0.0, "percent_covered_display": "0", "missing_lines": 52, "excluded_lines": 0}, "missing_lines": [160, 163, 165, 166, 169, 172, 173, 174, 177, 178, 179, 180, 181, 182, 185, 186, 188, 190, 191, 193, 196, 204, 207, 208, 209, 210, 211, 216, 219, 221, 222, 223, 226, 227, 228, 231, 232, 235, 236, 237, 238, 239, 240, 243, 244, 245, 248, 250, 253, 272, 274, 275], "excluded_lines": []}, "LivePaperTradingTester.save_test_results": {"executed_lines": [], "summary": {"covered_lines": 0, "num_statements": 20, "percent_covered": 0.0, "percent_covered_display": "0", "missing_lines": 20, "excluded_lines": 0}, "missing_lines": [284, 285, 287, 290, 291, 292, 295, 306, 307, 308, 311, 312, 313, 314, 315, 317, 318, 319, 320, 321], "excluded_lines": []}, "LivePaperTradingTester.print_test_summary": {"executed_lines": [], "summary": {"covered_lines": 0, "num_statements": 27, "percent_covered": 0.0, "percent_covered_display": "0", "missing_lines": 27, "excluded_lines": 0}, "missing_lines": [330, 332, 333, 334, 335, 338, 339, 340, 341, 343, 344, 345, 346, 347, 348, 349, 350, 351, 352, 355, 356, 357, 358, 359, 360, 361, 365], "excluded_lines": []}, "main": {"executed_lines": [], "summary": {"covered_lines": 0, "num_statements": 9, "percent_covered": 0.0, "percent_covered_display": "0", "missing_lines": 9, "excluded_lines": 0}, "missing_lines": [371, 379, 380, 383, 386, 389, 392, 394, 395], "excluded_lines": []}, "": {"executed_lines": [2, 9, 10, 11, 12, 13, 14, 16, 18, 19, 22, 23, 26, 27, 29, 53, 96, 153, 277, 323, 368, 398], "summary": {"covered_lines": 20, "num_statements": 21, "percent_covered": 95.23809523809524, "percent_covered_display": "95", "missing_lines": 1, "excluded_lines": 0}, "missing_lines": [399], "excluded_lines": []}}, "classes": {"LivePaperTradingTester": {"executed_lines": [], "summary": {"covered_lines": 0, "num_statements": 139, "percent_covered": 0.0, "percent_covered_display": "0", "missing_lines": 139, "excluded_lines": 0}, "missing_lines": [36, 37, 38, 39, 40, 41, 44, 60, 61, 63, 64, 65, 68, 70, 71, 72, 75, 76, 77, 78, 82, 85, 86, 87, 88, 89, 90, 91, 92, 94, 106, 127, 128, 129, 132, 133, 145, 146, 147, 151, 160, 163, 165, 166, 169, 172, 173, 174, 177, 178, 179, 180, 181, 182, 185, 186, 188, 190, 191, 193, 196, 204, 207, 208, 209, 210, 211, 216, 219, 221, 222, 223, 226, 227, 228, 231, 232, 235, 236, 237, 238, 239, 240, 243, 244, 245, 248, 250, 253, 272, 274, 275, 284, 285, 287, 290, 291, 292, 295, 306, 307, 308, 311, 312, 313, 314, 315, 317, 318, 319, 320, 321, 330, 332, 333, 334, 335, 338, 339, 340, 341, 343, 344, 345, 346, 347, 348, 349, 350, 351, 352, 355, 356, 357, 358, 359, 360, 361, 365], "excluded_lines": []}, "": {"executed_lines": [2, 9, 10, 11, 12, 13, 14, 16, 18, 19, 22, 23, 26, 27, 29, 53, 96, 153, 277, 323, 368, 398], "summary": {"covered_lines": 20, "num_statements": 30, "percent_covered": 66.66666666666667, "percent_covered_display": "67", "missing_lines": 10, "excluded_lines": 0}, "missing_lines": [371, 379, 380, 383, 386, 389, 392, 394, 395, 399], "excluded_lines": []}}}, "attic/_quarantine_20250819/test_ml_recording.py": {"executed_lines": [2, 7, 8, 11, 13, 15, 17, 20, 75], "summary": {"covered_lines": 8, "num_statements": 29, "percent_covered": 27.586206896551722, "percent_covered_display": "28", "missing_lines": 21, "excluded_lines": 0}, "missing_lines": [22, 23, 26, 27, 30, 32, 35, 51, 52, 54, 57, 58, 61, 62, 65, 66, 68, 69, 70, 72, 76], "excluded_lines": [], "functions": {"test_ml_recording": {"executed_lines": [], "summary": {"covered_lines": 0, "num_statements": 20, "percent_covered": 0.0, "percent_covered_display": "0", "missing_lines": 20, "excluded_lines": 0}, "missing_lines": [22, 23, 26, 27, 30, 32, 35, 51, 52, 54, 57, 58, 61, 62, 65, 66, 68, 69, 70, 72], "excluded_lines": []}, "": {"executed_lines": [2, 7, 8, 11, 13, 15, 17, 20, 75], "summary": {"covered_lines": 8, "num_statements": 9, "percent_covered": 88.88888888888889, "percent_covered_display": "89", "missing_lines": 1, "excluded_lines": 0}, "missing_lines": [76], "excluded_lines": []}}, "classes": {"": {"executed_lines": [2, 7, 8, 11, 13, 15, 17, 20, 75], "summary": {"covered_lines": 8, "num_statements": 29, "percent_covered": 27.586206896551722, "percent_covered_display": "28", "missing_lines": 21, "excluded_lines": 0}, "missing_lines": [22, 23, 26, 27, 30, 32, 35, 51, 52, 54, 57, 58, 61, 62, 65, 66, 68, 69, 70, 72, 76], "excluded_lines": []}}}, "attic/_quarantine_20250819/test_ml_trading.py": {"executed_lines": [2, 7, 8, 9, 12, 14, 15, 17, 18, 20, 21, 24, 25, 28, 178, 217], "summary": {"covered_lines": 15, "num_statements": 80, "percent_covered": 18.75, "percent_covered_display": "19", "missing_lines": 65, "excluded_lines": 0}, "missing_lines": [30, 31, 34, 35, 36, 37, 38, 39, 40, 43, 44, 45, 46, 47, 48, 51, 54, 151, 152, 153, 156, 157, 158, 159, 160, 163, 164, 165, 166, 167, 168, 169, 170, 171, 172, 173, 175, 180, 181, 184, 193, 195, 196, 198, 200, 202, 203, 204, 205, 207, 209, 210, 213, 214, 218, 220, 221, 224, 227, 229, 230, 231, 232, 233, 234], "excluded_lines": [], "functions": {"test_ml_system": {"executed_lines": [], "summary": {"covered_lines": 0, "num_statements": 37, "percent_covered": 0.0, "percent_covered_display": "0", "missing_lines": 37, "excluded_lines": 0}, "missing_lines": [30, 31, 34, 35, 36, 37, 38, 39, 40, 43, 44, 45, 46, 47, 48, 51, 54, 151, 152, 153, 156, 157, 158, 159, 160, 163, 164, 165, 166, 167, 168, 169, 170, 171, 172, 173, 175], "excluded_lines": []}, "test_ml_backtest": {"executed_lines": [], "summary": {"covered_lines": 0, "num_statements": 17, "percent_covered": 0.0, "percent_covered_display": "0", "missing_lines": 17, "excluded_lines": 0}, "missing_lines": [180, 181, 184, 193, 195, 196, 198, 200, 202, 203, 204, 205, 207, 209, 210, 213, 214], "excluded_lines": []}, "": {"executed_lines": [2, 7, 8, 9, 12, 14, 15, 17, 18, 20, 21, 24, 25, 28, 178, 217], "summary": {"covered_lines": 15, "num_statements": 26, "percent_covered": 57.69230769230769, "percent_covered_display": "58", "missing_lines": 11, "excluded_lines": 0}, "missing_lines": [218, 220, 221, 224, 227, 229, 230, 231, 232, 233, 234], "excluded_lines": []}}, "classes": {"": {"executed_lines": [2, 7, 8, 9, 12, 14, 15, 17, 18, 20, 21, 24, 25, 28, 178, 217], "summary": {"covered_lines": 15, "num_statements": 80, "percent_covered": 18.75, "percent_covered_display": "19", "missing_lines": 65, "excluded_lines": 0}, "missing_lines": [30, 31, 34, 35, 36, 37, 38, 39, 40, 43, 44, 45, 46, 47, 48, 51, 54, 151, 152, 153, 156, 157, 158, 159, 160, 163, 164, 165, 166, 167, 168, 169, 170, 171, 172, 173, 175, 180, 181, 184, 193, 195, 196, 198, 200, 202, 203, 204, 205, 207, 209, 210, 213, 214, 218, 220, 221, 224, 227, 229, 230, 231, 232, 233, 234], "excluded_lines": []}}}, "attic/_quarantine_20250819/test_walkforward_performance.py": {"executed_lines": [2, 10, 11, 12, 13, 16, 18, 20, 22, 23, 30, 31, 34, 242], "summary": {"covered_lines": 13, "num_statements": 106, "percent_covered": 12.264150943396226, "percent_covered_display": "12", "missing_lines": 93, "excluded_lines": 0}, "missing_lines": [38, 77, 79, 80, 81, 82, 84, 86, 88, 90, 91, 97, 99, 101, 102, 103, 106, 107, 108, 109, 111, 114, 115, 126, 129, 132, 133, 134, 141, 144, 145, 146, 147, 154, 155, 156, 157, 158, 159, 162, 163, 166, 180, 183, 184, 185, 186, 187, 188, 189, 190, 191, 193, 194, 195, 198, 199, 200, 202, 204, 205, 207, 208, 209, 210, 211, 212, 213, 214, 215, 216, 217, 218, 221, 222, 223, 225, 228, 230, 231, 232, 233, 234, 237, 239, 243, 246, 248, 250, 251, 253, 255, 256], "excluded_lines": [], "functions": {"test_performance_configurations": {"executed_lines": [], "summary": {"covered_lines": 0, "num_statements": 85, "percent_covered": 0.0, "percent_covered_display": "0", "missing_lines": 85, "excluded_lines": 0}, "missing_lines": [38, 77, 79, 80, 81, 82, 84, 86, 88, 90, 91, 97, 99, 101, 102, 103, 106, 107, 108, 109, 111, 114, 115, 126, 129, 132, 133, 134, 141, 144, 145, 146, 147, 154, 155, 156, 157, 158, 159, 162, 163, 166, 180, 183, 184, 185, 186, 187, 188, 189, 190, 191, 193, 194, 195, 198, 199, 200, 202, 204, 205, 207, 208, 209, 210, 211, 212, 213, 214, 215, 216, 217, 218, 221, 222, 223, 225, 228, 230, 231, 232, 233, 234, 237, 239], "excluded_lines": []}, "": {"executed_lines": [2, 10, 11, 12, 13, 16, 18, 20, 22, 23, 30, 31, 34, 242], "summary": {"covered_lines": 13, "num_statements": 21, "percent_covered": 61.904761904761905, "percent_covered_display": "62", "missing_lines": 8, "excluded_lines": 0}, "missing_lines": [243, 246, 248, 250, 251, 253, 255, 256], "excluded_lines": []}}, "classes": {"": {"executed_lines": [2, 10, 11, 12, 13, 16, 18, 20, 22, 23, 30, 31, 34, 242], "summary": {"covered_lines": 13, "num_statements": 106, "percent_covered": 12.264150943396226, "percent_covered_display": "12", "missing_lines": 93, "excluded_lines": 0}, "missing_lines": [38, 77, 79, 80, 81, 82, 84, 86, 88, 90, 91, 97, 99, 101, 102, 103, 106, 107, 108, 109, 111, 114, 115, 126, 129, 132, 133, 134, 141, 144, 145, 146, 147, 154, 155, 156, 157, 158, 159, 162, 163, 166, 180, 183, 184, 185, 186, 187, 188, 189, 190, 191, 193, 194, 195, 198, 199, 200, 202, 204, 205, 207, 208, 209, 210, 211, 212, 213, 214, 215, 216, 217, 218, 221, 222, 223, 225, 228, 230, 231, 232, 233, 234, 237, 239, 243, 246, 248, 250, 251, 253, 255, 256], "excluded_lines": []}}}, "attic/root_tests/test_component_validation.py": {"executed_lines": [2, 7, 8, 9, 10, 11, 12, 14, 15, 18, 20, 21, 22, 23, 26, 27, 30, 31, 33, 53, 62, 74, 86, 96, 113, 114, 116, 121, 129, 157, 166, 185, 186, 188, 215, 221, 231, 248, 263, 264, 266, 274, 282, 298, 308, 319, 367], "summary": {"covered_lines": 42, "num_statements": 188, "percent_covered": 22.340425531914892, "percent_covered_display": "22", "missing_lines": 146, "excluded_lines": 0}, "missing_lines": [35, 51, 56, 57, 58, 59, 60, 65, 66, 67, 70, 71, 72, 76, 84, 89, 90, 92, 94, 99, 100, 101, 103, 105, 106, 107, 108, 109, 110, 118, 119, 123, 124, 125, 126, 127, 132, 133, 135, 146, 152, 153, 154, 155, 160, 161, 162, 163, 164, 168, 174, 177, 178, 179, 180, 181, 182, 190, 213, 217, 218, 219, 224, 225, 228, 229, 233, 234, 235, 237, 239, 240, 241, 242, 244, 245, 246, 251, 252, 254, 255, 258, 259, 260, 268, 269, 270, 272, 276, 277, 278, 279, 280, 284, 285, 287, 288, 289, 290, 291, 292, 293, 296, 300, 302, 303, 304, 305, 306, 310, 312, 313, 314, 316, 321, 322, 325, 328, 329, 330, 331, 334, 335, 338, 339, 340, 342, 343, 344, 346, 347, 348, 349, 351, 352, 353, 354, 356, 357, 358, 359, 361, 362, 364, 368, 369], "excluded_lines": [], "functions": {"TestGrowthTargetCalculator.setUp": {"executed_lines": [], "summary": {"covered_lines": 0, "num_statements": 2, "percent_covered": 0.0, "percent_covered_display": "0", "missing_lines": 2, "excluded_lines": 0}, "missing_lines": [35, 51], "excluded_lines": []}, "TestGrowthTargetCalculator.test_initialization": {"executed_lines": [], "summary": {"covered_lines": 0, "num_statements": 5, "percent_covered": 0.0, "percent_covered_display": "0", "missing_lines": 5, "excluded_lines": 0}, "missing_lines": [56, 57, 58, 59, 60], "excluded_lines": []}, "TestGrowthTargetCalculator.test_kelly_criterion": {"executed_lines": [], "summary": {"covered_lines": 0, "num_statements": 6, "percent_covered": 0.0, "percent_covered_display": "0", "missing_lines": 6, "excluded_lines": 0}, "missing_lines": [65, 66, 67, 70, 71, 72], "excluded_lines": []}, "TestGrowthTargetCalculator.test_volatility_adjustment": {"executed_lines": [], "summary": {"covered_lines": 0, "num_statements": 2, "percent_covered": 0.0, "percent_covered_display": "0", "missing_lines": 2, "excluded_lines": 0}, "missing_lines": [76, 84], "excluded_lines": []}, "TestGrowthTargetCalculator.test_performance_adjustment": {"executed_lines": [], "summary": {"covered_lines": 0, "num_statements": 4, "percent_covered": 0.0, "percent_covered_display": "0", "missing_lines": 4, "excluded_lines": 0}, "missing_lines": [89, 90, 92, 94], "excluded_lines": []}, "TestGrowthTargetCalculator.test_growth_metrics": {"executed_lines": [], "summary": {"covered_lines": 0, "num_statements": 10, "percent_covered": 0.0, "percent_covered_display": "0", "missing_lines": 10, "excluded_lines": 0}, "missing_lines": [99, 100, 101, 103, 105, 106, 107, 108, 109, 110], "excluded_lines": []}, "TestStrategySelector.setUp": {"executed_lines": [], "summary": {"covered_lines": 0, "num_statements": 2, "percent_covered": 0.0, "percent_covered_display": "0", "missing_lines": 2, "excluded_lines": 0}, "missing_lines": [118, 119], "excluded_lines": []}, "TestStrategySelector.test_initialization": {"executed_lines": [], "summary": {"covered_lines": 0, "num_statements": 5, "percent_covered": 0.0, "percent_covered_display": "0", "missing_lines": 5, "excluded_lines": 0}, "missing_lines": [123, 124, 125, 126, 127], "excluded_lines": []}, "TestStrategySelector.test_strategy_selection": {"executed_lines": [], "summary": {"covered_lines": 0, "num_statements": 8, "percent_covered": 0.0, "percent_covered_display": "0", "missing_lines": 8, "excluded_lines": 0}, "missing_lines": [132, 133, 135, 146, 152, 153, 154, 155], "excluded_lines": []}, "TestStrategySelector.test_parameter_optimization": {"executed_lines": [], "summary": {"covered_lines": 0, "num_statements": 5, "percent_covered": 0.0, "percent_covered_display": "0", "missing_lines": 5, "excluded_lines": 0}, "missing_lines": [160, 161, 162, 163, 164], "excluded_lines": []}, "TestStrategySelector.test_performance_update": {"executed_lines": [], "summary": {"covered_lines": 0, "num_statements": 8, "percent_covered": 0.0, "percent_covered_display": "0", "missing_lines": 8, "excluded_lines": 0}, "missing_lines": [168, 174, 177, 178, 179, 180, 181, 182], "excluded_lines": []}, "TestRiskManagement.setUp": {"executed_lines": [], "summary": {"covered_lines": 0, "num_statements": 2, "percent_covered": 0.0, "percent_covered_display": "0", "missing_lines": 2, "excluded_lines": 0}, "missing_lines": [190, 213], "excluded_lines": []}, "TestRiskManagement.test_initialization": {"executed_lines": [], "summary": {"covered_lines": 0, "num_statements": 3, "percent_covered": 0.0, "percent_covered_display": "0", "missing_lines": 3, "excluded_lines": 0}, "missing_lines": [217, 218, 219], "excluded_lines": []}, "TestRiskManagement.test_position_validation": {"executed_lines": [], "summary": {"covered_lines": 0, "num_statements": 4, "percent_covered": 0.0, "percent_covered_display": "0", "missing_lines": 4, "excluded_lines": 0}, "missing_lines": [224, 225, 228, 229], "excluded_lines": []}, "TestRiskManagement.test_portfolio_risk_check": {"executed_lines": [], "summary": {"covered_lines": 0, "num_statements": 11, "percent_covered": 0.0, "percent_covered_display": "0", "missing_lines": 11, "excluded_lines": 0}, "missing_lines": [233, 234, 235, 237, 239, 240, 241, 242, 244, 245, 246], "excluded_lines": []}, "TestRiskManagement.test_kill_switches": {"executed_lines": [], "summary": {"covered_lines": 0, "num_statements": 7, "percent_covered": 0.0, "percent_covered_display": "0", "missing_lines": 7, "excluded_lines": 0}, "missing_lines": [251, 252, 254, 255, 258, 259, 260], "excluded_lines": []}, "TestPaperTradingEngine.setUp": {"executed_lines": [], "summary": {"covered_lines": 0, "num_statements": 4, "percent_covered": 0.0, "percent_covered_display": "0", "missing_lines": 4, "excluded_lines": 0}, "missing_lines": [268, 269, 270, 272], "excluded_lines": []}, "TestPaperTradingEngine.test_initialization": {"executed_lines": [], "summary": {"covered_lines": 0, "num_statements": 5, "percent_covered": 0.0, "percent_covered_display": "0", "missing_lines": 5, "excluded_lines": 0}, "missing_lines": [276, 277, 278, 279, 280], "excluded_lines": []}, "TestPaperTradingEngine.test_trading_cycle": {"executed_lines": [], "summary": {"covered_lines": 0, "num_statements": 10, "percent_covered": 0.0, "percent_covered_display": "0", "missing_lines": 10, "excluded_lines": 0}, "missing_lines": [284, 285, 287, 288, 289, 290, 291, 292, 293, 296], "excluded_lines": []}, "TestPaperTradingEngine.test_growth_metrics": {"executed_lines": [], "summary": {"covered_lines": 0, "num_statements": 6, "percent_covered": 0.0, "percent_covered_display": "0", "missing_lines": 6, "excluded_lines": 0}, "missing_lines": [300, 302, 303, 304, 305, 306], "excluded_lines": []}, "TestPaperTradingEngine.test_strategy_selection": {"executed_lines": [], "summary": {"covered_lines": 0, "num_statements": 5, "percent_covered": 0.0, "percent_covered_display": "0", "missing_lines": 5, "excluded_lines": 0}, "missing_lines": [310, 312, 313, 314, 316], "excluded_lines": []}, "run_component_tests": {"executed_lines": [], "summary": {"covered_lines": 0, "num_statements": 30, "percent_covered": 0.0, "percent_covered_display": "0", "missing_lines": 30, "excluded_lines": 0}, "missing_lines": [321, 322, 325, 328, 329, 330, 331, 334, 335, 338, 339, 340, 342, 343, 344, 346, 347, 348, 349, 351, 352, 353, 354, 356, 357, 358, 359, 361, 362, 364], "excluded_lines": []}, "": {"executed_lines": [2, 7, 8, 9, 10, 11, 12, 14, 15, 18, 20, 21, 22, 23, 26, 27, 30, 31, 33, 53, 62, 74, 86, 96, 113, 114, 116, 121, 129, 157, 166, 185, 186, 188, 215, 221, 231, 248, 263, 264, 266, 274, 282, 298, 308, 319, 367], "summary": {"covered_lines": 42, "num_statements": 44, "percent_covered": 95.45454545454545, "percent_covered_display": "95", "missing_lines": 2, "excluded_lines": 0}, "missing_lines": [368, 369], "excluded_lines": []}}, "classes": {"TestGrowthTargetCalculator": {"executed_lines": [], "summary": {"covered_lines": 0, "num_statements": 29, "percent_covered": 0.0, "percent_covered_display": "0", "missing_lines": 29, "excluded_lines": 0}, "missing_lines": [35, 51, 56, 57, 58, 59, 60, 65, 66, 67, 70, 71, 72, 76, 84, 89, 90, 92, 94, 99, 100, 101, 103, 105, 106, 107, 108, 109, 110], "excluded_lines": []}, "TestStrategySelector": {"executed_lines": [], "summary": {"covered_lines": 0, "num_statements": 28, "percent_covered": 0.0, "percent_covered_display": "0", "missing_lines": 28, "excluded_lines": 0}, "missing_lines": [118, 119, 123, 124, 125, 126, 127, 132, 133, 135, 146, 152, 153, 154, 155, 160, 161, 162, 163, 164, 168, 174, 177, 178, 179, 180, 181, 182], "excluded_lines": []}, "TestRiskManagement": {"executed_lines": [], "summary": {"covered_lines": 0, "num_statements": 27, "percent_covered": 0.0, "percent_covered_display": "0", "missing_lines": 27, "excluded_lines": 0}, "missing_lines": [190, 213, 217, 218, 219, 224, 225, 228, 229, 233, 234, 235, 237, 239, 240, 241, 242, 244, 245, 246, 251, 252, 254, 255, 258, 259, 260], "excluded_lines": []}, "TestPaperTradingEngine": {"executed_lines": [], "summary": {"covered_lines": 0, "num_statements": 30, "percent_covered": 0.0, "percent_covered_display": "0", "missing_lines": 30, "excluded_lines": 0}, "missing_lines": [268, 269, 270, 272, 276, 277, 278, 279, 280, 284, 285, 287, 288, 289, 290, 291, 292, 293, 296, 300, 302, 303, 304, 305, 306, 310, 312, 313, 314, 316], "excluded_lines": []}, "": {"executed_lines": [2, 7, 8, 9, 10, 11, 12, 14, 15, 18, 20, 21, 22, 23, 26, 27, 30, 31, 33, 53, 62, 74, 86, 96, 113, 114, 116, 121, 129, 157, 166, 185, 186, 188, 215, 221, 231, 248, 263, 264, 266, 274, 282, 298, 308, 319, 367], "summary": {"covered_lines": 42, "num_statements": 74, "percent_covered": 56.75675675675676, "percent_covered_display": "57", "missing_lines": 32, "excluded_lines": 0}, "missing_lines": [321, 322, 325, 328, 329, 330, 331, 334, 335, 338, 339, 340, 342, 343, 344, 346, 347, 348, 349, 351, 352, 353, 354, 356, 357, 358, 359, 361, 362, 364, 368, 369], "excluded_lines": []}}}, "attic/root_tests/test_core_functionality.py": {"executed_lines": [2, 7, 8, 9, 10, 12, 13, 16, 19, 103, 192, 287, 412, 480, 551, 666, 725], "summary": {"covered_lines": 16, "num_statements": 344, "percent_covered": 4.651162790697675, "percent_covered_display": "5", "missing_lines": 328, "excluded_lines": 0}, "missing_lines": [21, 23, 24, 27, 48, 49, 50, 53, 56, 57, 61, 62, 63, 64, 67, 68, 69, 70, 73, 74, 77, 78, 82, 83, 84, 85, 88, 89, 93, 95, 96, 98, 99, 100, 105, 107, 108, 109, 111, 119, 120, 121, 124, 136, 138, 139, 141, 143, 144, 145, 148, 149, 150, 153, 154, 155, 156, 159, 160, 161, 164, 167, 169, 170, 171, 173, 175, 176, 177, 178, 179, 180, 181, 184, 185, 187, 188, 189, 194, 196, 197, 200, 226, 227, 228, 231, 234, 235, 236, 239, 240, 241, 243, 244, 245, 248, 250, 257, 258, 259, 263, 264, 266, 267, 269, 270, 273, 274, 277, 279, 280, 282, 283, 284, 289, 291, 292, 293, 294, 297, 298, 299, 302, 303, 314, 315, 316, 317, 322, 323, 326, 327, 330, 331, 333, 335, 338, 339, 340, 343, 344, 347, 350, 351, 354, 355, 357, 366, 369, 370, 372, 373, 376, 377, 378, 379, 382, 383, 384, 385, 388, 390, 391, 394, 396, 397, 398, 401, 402, 404, 405, 407, 408, 409, 414, 416, 417, 422, 423, 426, 427, 430, 431, 441, 442, 445, 448, 449, 452, 453, 456, 457, 460, 461, 462, 464, 467, 469, 470, 472, 473, 475, 476, 477, 482, 484, 485, 486, 489, 490, 491, 492, 493, 494, 497, 498, 499, 500, 505, 506, 507, 510, 511, 514, 515, 516, 519, 520, 522, 523, 524, 525, 528, 529, 530, 531, 536, 540, 541, 543, 544, 546, 547, 548, 553, 555, 556, 558, 561, 582, 583, 584, 587, 588, 591, 592, 593, 605, 610, 611, 613, 614, 615, 618, 619, 621, 623, 626, 627, 629, 631, 634, 636, 639, 641, 642, 643, 646, 647, 649, 650, 654, 655, 656, 658, 659, 661, 662, 663, 668, 669, 670, 671, 673, 683, 684, 685, 687, 688, 689, 690, 691, 692, 694, 695, 696, 697, 699, 700, 701, 703, 704, 705, 707, 709, 710, 711, 712, 713, 714, 715, 716, 717, 718, 719, 721, 722, 726], "excluded_lines": [], "functions": {"test_backtesting_core": {"executed_lines": [], "summary": {"covered_lines": 0, "num_statements": 34, "percent_covered": 0.0, "percent_covered_display": "0", "missing_lines": 34, "excluded_lines": 0}, "missing_lines": [21, 23, 24, 27, 48, 49, 50, 53, 56, 57, 61, 62, 63, 64, 67, 68, 69, 70, 73, 74, 77, 78, 82, 83, 84, 85, 88, 89, 93, 95, 96, 98, 99, 100], "excluded_lines": []}, "test_walkforward_functionality": {"executed_lines": [], "summary": {"covered_lines": 0, "num_statements": 44, "percent_covered": 0.0, "percent_covered_display": "0", "missing_lines": 44, "excluded_lines": 0}, "missing_lines": [105, 107, 108, 109, 111, 119, 120, 121, 124, 136, 138, 139, 141, 143, 144, 145, 148, 149, 150, 153, 154, 155, 156, 159, 160, 161, 164, 167, 169, 170, 171, 173, 175, 176, 177, 178, 179, 180, 181, 184, 185, 187, 188, 189], "excluded_lines": []}, "test_paper_trading_core": {"executed_lines": [], "summary": {"covered_lines": 0, "num_statements": 36, "percent_covered": 0.0, "percent_covered_display": "0", "missing_lines": 36, "excluded_lines": 0}, "missing_lines": [194, 196, 197, 200, 226, 227, 228, 231, 234, 235, 236, 239, 240, 241, 243, 244, 245, 248, 250, 257, 258, 259, 263, 264, 266, 267, 269, 270, 273, 274, 277, 279, 280, 282, 283, 284], "excluded_lines": []}, "test_live_trading_compatibility": {"executed_lines": [], "summary": {"covered_lines": 0, "num_statements": 60, "percent_covered": 0.0, "percent_covered_display": "0", "missing_lines": 60, "excluded_lines": 0}, "missing_lines": [289, 291, 292, 293, 294, 297, 298, 299, 302, 303, 314, 315, 316, 317, 322, 323, 326, 327, 330, 331, 333, 335, 338, 339, 340, 343, 344, 347, 350, 351, 354, 355, 357, 366, 369, 370, 372, 373, 376, 377, 378, 379, 382, 383, 384, 385, 388, 390, 391, 394, 396, 397, 398, 401, 402, 404, 405, 407, 408, 409], "excluded_lines": []}, "test_consistency_across_modes": {"executed_lines": [], "summary": {"covered_lines": 0, "num_statements": 30, "percent_covered": 0.0, "percent_covered_display": "0", "missing_lines": 30, "excluded_lines": 0}, "missing_lines": [414, 416, 417, 422, 423, 426, 427, 430, 431, 441, 442, 445, 448, 449, 452, 453, 456, 457, 460, 461, 462, 464, 467, 469, 470, 472, 473, 475, 476, 477], "excluded_lines": []}, "test_error_handling": {"executed_lines": [], "summary": {"covered_lines": 0, "num_statements": 40, "percent_covered": 0.0, "percent_covered_display": "0", "missing_lines": 40, "excluded_lines": 0}, "missing_lines": [482, 484, 485, 486, 489, 490, 491, 492, 493, 494, 497, 498, 499, 500, 505, 506, 507, 510, 511, 514, 515, 516, 519, 520, 522, 523, 524, 525, 528, 529, 530, 531, 536, 540, 541, 543, 544, 546, 547, 548], "excluded_lines": []}, "test_performance_benchmarks": {"executed_lines": [], "summary": {"covered_lines": 0, "num_statements": 45, "percent_covered": 0.0, "percent_covered_display": "0", "missing_lines": 45, "excluded_lines": 0}, "missing_lines": [553, 555, 556, 558, 561, 582, 583, 584, 587, 588, 591, 592, 593, 605, 610, 611, 613, 614, 615, 618, 619, 621, 623, 626, 627, 629, 631, 634, 636, 639, 641, 642, 643, 646, 647, 649, 650, 654, 655, 656, 658, 659, 661, 662, 663], "excluded_lines": []}, "main": {"executed_lines": [], "summary": {"covered_lines": 0, "num_statements": 38, "percent_covered": 0.0, "percent_covered_display": "0", "missing_lines": 38, "excluded_lines": 0}, "missing_lines": [668, 669, 670, 671, 673, 683, 684, 685, 687, 688, 689, 690, 691, 692, 694, 695, 696, 697, 699, 700, 701, 703, 704, 705, 707, 709, 710, 711, 712, 713, 714, 715, 716, 717, 718, 719, 721, 722], "excluded_lines": []}, "": {"executed_lines": [2, 7, 8, 9, 10, 12, 13, 16, 19, 103, 192, 287, 412, 480, 551, 666, 725], "summary": {"covered_lines": 16, "num_statements": 17, "percent_covered": 94.11764705882354, "percent_covered_display": "94", "missing_lines": 1, "excluded_lines": 0}, "missing_lines": [726], "excluded_lines": []}}, "classes": {"": {"executed_lines": [2, 7, 8, 9, 10, 12, 13, 16, 19, 103, 192, 287, 412, 480, 551, 666, 725], "summary": {"covered_lines": 16, "num_statements": 344, "percent_covered": 4.651162790697675, "percent_covered_display": "5", "missing_lines": 328, "excluded_lines": 0}, "missing_lines": [21, 23, 24, 27, 48, 49, 50, 53, 56, 57, 61, 62, 63, 64, 67, 68, 69, 70, 73, 74, 77, 78, 82, 83, 84, 85, 88, 89, 93, 95, 96, 98, 99, 100, 105, 107, 108, 109, 111, 119, 120, 121, 124, 136, 138, 139, 141, 143, 144, 145, 148, 149, 150, 153, 154, 155, 156, 159, 160, 161, 164, 167, 169, 170, 171, 173, 175, 176, 177, 178, 179, 180, 181, 184, 185, 187, 188, 189, 194, 196, 197, 200, 226, 227, 228, 231, 234, 235, 236, 239, 240, 241, 243, 244, 245, 248, 250, 257, 258, 259, 263, 264, 266, 267, 269, 270, 273, 274, 277, 279, 280, 282, 283, 284, 289, 291, 292, 293, 294, 297, 298, 299, 302, 303, 314, 315, 316, 317, 322, 323, 326, 327, 330, 331, 333, 335, 338, 339, 340, 343, 344, 347, 350, 351, 354, 355, 357, 366, 369, 370, 372, 373, 376, 377, 378, 379, 382, 383, 384, 385, 388, 390, 391, 394, 396, 397, 398, 401, 402, 404, 405, 407, 408, 409, 414, 416, 417, 422, 423, 426, 427, 430, 431, 441, 442, 445, 448, 449, 452, 453, 456, 457, 460, 461, 462, 464, 467, 469, 470, 472, 473, 475, 476, 477, 482, 484, 485, 486, 489, 490, 491, 492, 493, 494, 497, 498, 499, 500, 505, 506, 507, 510, 511, 514, 515, 516, 519, 520, 522, 523, 524, 525, 528, 529, 530, 531, 536, 540, 541, 543, 544, 546, 547, 548, 553, 555, 556, 558, 561, 582, 583, 584, 587, 588, 591, 592, 593, 605, 610, 611, 613, 614, 615, 618, 619, 621, 623, 626, 627, 629, 631, 634, 636, 639, 641, 642, 643, 646, 647, 649, 650, 654, 655, 656, 658, 659, 661, 662, 663, 668, 669, 670, 671, 673, 683, 684, 685, 687, 688, 689, 690, 691, 692, 694, 695, 696, 697, 699, 700, 701, 703, 704, 705, 707, 709, 710, 711, 712, 713, 714, 715, 716, 717, 718, 719, 721, 722, 726], "excluded_lines": []}}}, "attic/root_tests/test_data_integrity.py": {"executed_lines": [2, 7, 8, 9, 10, 11, 13, 14, 17, 19, 21, 22, 25, 26, 29, 30, 32, 37, 42, 47, 53, 59, 65, 72, 124, 206, 277, 369, 421, 500, 568], "summary": {"covered_lines": 29, "num_statements": 213, "percent_covered": 13.615023474178404, "percent_covered_display": "14", "missing_lines": 184, "excluded_lines": 0}, "missing_lines": [33, 34, 35, 39, 40, 44, 45, 49, 50, 51, 55, 56, 57, 61, 62, 63, 67, 68, 69, 74, 77, 78, 81, 89, 92, 94, 95, 98, 110, 111, 114, 116, 118, 121, 126, 129, 132, 134, 137, 140, 141, 142, 152, 153, 154, 164, 165, 166, 176, 177, 184, 185, 188, 189, 195, 198, 199, 203, 208, 211, 214, 225, 228, 229, 230, 233, 234, 237, 240, 243, 244, 245, 248, 249, 256, 257, 260, 261, 262, 265, 266, 270, 274, 279, 282, 302, 305, 314, 316, 317, 320, 326, 332, 339, 344, 351, 354, 357, 361, 365, 366, 371, 374, 377, 378, 381, 382, 385, 386, 387, 388, 390, 393, 397, 403, 405, 406, 407, 409, 412, 417, 418, 423, 426, 429, 430, 431, 434, 443, 446, 447, 449, 450, 453, 454, 455, 458, 461, 462, 472, 477, 483, 484, 485, 488, 494, 497, 502, 503, 505, 508, 516, 517, 519, 520, 521, 522, 523, 524, 526, 527, 528, 529, 532, 533, 534, 535, 537, 538, 539, 540, 542, 543, 544, 545, 548, 557, 558, 560, 561, 562, 564, 565, 569], "excluded_lines": [], "functions": {"DataIntegrityTest.__init__": {"executed_lines": [], "summary": {"covered_lines": 0, "num_statements": 3, "percent_covered": 0.0, "percent_covered_display": "0", "missing_lines": 3, "excluded_lines": 0}, "missing_lines": [33, 34, 35], "excluded_lines": []}, "DataIntegrityTest.log_error": {"executed_lines": [], "summary": {"covered_lines": 0, "num_statements": 2, "percent_covered": 0.0, "percent_covered_display": "0", "missing_lines": 2, "excluded_lines": 0}, "missing_lines": [39, 40], "excluded_lines": []}, "DataIntegrityTest.log_warning": {"executed_lines": [], "summary": {"covered_lines": 0, "num_statements": 2, "percent_covered": 0.0, "percent_covered_display": "0", "missing_lines": 2, "excluded_lines": 0}, "missing_lines": [44, 45], "excluded_lines": []}, "DataIntegrityTest.assert_true": {"executed_lines": [], "summary": {"covered_lines": 0, "num_statements": 3, "percent_covered": 0.0, "percent_covered_display": "0", "missing_lines": 3, "excluded_lines": 0}, "missing_lines": [49, 50, 51], "excluded_lines": []}, "DataIntegrityTest.assert_greater": {"executed_lines": [], "summary": {"covered_lines": 0, "num_statements": 3, "percent_covered": 0.0, "percent_covered_display": "0", "missing_lines": 3, "excluded_lines": 0}, "missing_lines": [55, 56, 57], "excluded_lines": []}, "DataIntegrityTest.assert_not_equal": {"executed_lines": [], "summary": {"covered_lines": 0, "num_statements": 3, "percent_covered": 0.0, "percent_covered_display": "0", "missing_lines": 3, "excluded_lines": 0}, "missing_lines": [61, 62, 63], "excluded_lines": []}, "DataIntegrityTest.assert_in_range": {"executed_lines": [], "summary": {"covered_lines": 0, "num_statements": 3, "percent_covered": 0.0, "percent_covered_display": "0", "missing_lines": 3, "excluded_lines": 0}, "missing_lines": [67, 68, 69], "excluded_lines": []}, "create_test_data_with_patterns": {"executed_lines": [], "summary": {"covered_lines": 0, "num_statements": 15, "percent_covered": 0.0, "percent_covered_display": "0", "missing_lines": 15, "excluded_lines": 0}, "missing_lines": [74, 77, 78, 81, 89, 92, 94, 95, 98, 110, 111, 114, 116, 118, 121], "excluded_lines": []}, "test_data_usage_in_strategy_selection": {"executed_lines": [], "summary": {"covered_lines": 0, "num_statements": 24, "percent_covered": 0.0, "percent_covered_display": "0", "missing_lines": 24, "excluded_lines": 0}, "missing_lines": [126, 129, 132, 134, 137, 140, 141, 142, 152, 153, 154, 164, 165, 166, 176, 177, 184, 185, 188, 189, 195, 198, 199, 203], "excluded_lines": []}, "test_data_usage_in_trading_engine": {"executed_lines": [], "summary": {"covered_lines": 0, "num_statements": 25, "percent_covered": 0.0, "percent_covered_display": "0", "missing_lines": 25, "excluded_lines": 0}, "missing_lines": [208, 211, 214, 225, 228, 229, 230, 233, 234, 237, 240, 243, 244, 245, 248, 249, 256, 257, 260, 261, 262, 265, 266, 270, 274], "excluded_lines": []}, "test_data_usage_in_objective_functions": {"executed_lines": [], "summary": {"covered_lines": 0, "num_statements": 18, "percent_covered": 0.0, "percent_covered_display": "0", "missing_lines": 18, "excluded_lines": 0}, "missing_lines": [279, 282, 302, 305, 314, 316, 317, 320, 326, 332, 339, 344, 351, 354, 357, 361, 365, 366], "excluded_lines": []}, "test_data_integrity_validation": {"executed_lines": [], "summary": {"covered_lines": 0, "num_statements": 21, "percent_covered": 0.0, "percent_covered_display": "0", "missing_lines": 21, "excluded_lines": 0}, "missing_lines": [371, 374, 377, 378, 381, 382, 385, 386, 387, 388, 390, 393, 397, 403, 405, 406, 407, 409, 412, 417, 418], "excluded_lines": []}, "test_meaningful_correlation_analysis": {"executed_lines": [], "summary": {"covered_lines": 0, "num_statements": 25, "percent_covered": 0.0, "percent_covered_display": "0", "missing_lines": 25, "excluded_lines": 0}, "missing_lines": [423, 426, 429, 430, 431, 434, 443, 446, 447, 449, 450, 453, 454, 455, 458, 461, 462, 472, 477, 483, 484, 485, 488, 494, 497], "excluded_lines": []}, "main": {"executed_lines": [], "summary": {"covered_lines": 0, "num_statements": 36, "percent_covered": 0.0, "percent_covered_display": "0", "missing_lines": 36, "excluded_lines": 0}, "missing_lines": [502, 503, 505, 508, 516, 517, 519, 520, 521, 522, 523, 524, 526, 527, 528, 529, 532, 533, 534, 535, 537, 538, 539, 540, 542, 543, 544, 545, 548, 557, 558, 560, 561, 562, 564, 565], "excluded_lines": []}, "": {"executed_lines": [2, 7, 8, 9, 10, 11, 13, 14, 17, 19, 21, 22, 25, 26, 29, 30, 32, 37, 42, 47, 53, 59, 65, 72, 124, 206, 277, 369, 421, 500, 568], "summary": {"covered_lines": 29, "num_statements": 30, "percent_covered": 96.66666666666667, "percent_covered_display": "97", "missing_lines": 1, "excluded_lines": 0}, "missing_lines": [569], "excluded_lines": []}}, "classes": {"DataIntegrityTest": {"executed_lines": [], "summary": {"covered_lines": 0, "num_statements": 19, "percent_covered": 0.0, "percent_covered_display": "0", "missing_lines": 19, "excluded_lines": 0}, "missing_lines": [33, 34, 35, 39, 40, 44, 45, 49, 50, 51, 55, 56, 57, 61, 62, 63, 67, 68, 69], "excluded_lines": []}, "": {"executed_lines": [2, 7, 8, 9, 10, 11, 13, 14, 17, 19, 21, 22, 25, 26, 29, 30, 32, 37, 42, 47, 53, 59, 65, 72, 124, 206, 277, 369, 421, 500, 568], "summary": {"covered_lines": 29, "num_statements": 194, "percent_covered": 14.948453608247423, "percent_covered_display": "15", "missing_lines": 165, "excluded_lines": 0}, "missing_lines": [74, 77, 78, 81, 89, 92, 94, 95, 98, 110, 111, 114, 116, 118, 121, 126, 129, 132, 134, 137, 140, 141, 142, 152, 153, 154, 164, 165, 166, 176, 177, 184, 185, 188, 189, 195, 198, 199, 203, 208, 211, 214, 225, 228, 229, 230, 233, 234, 237, 240, 243, 244, 245, 248, 249, 256, 257, 260, 261, 262, 265, 266, 270, 274, 279, 282, 302, 305, 314, 316, 317, 320, 326, 332, 339, 344, 351, 354, 357, 361, 365, 366, 371, 374, 377, 378, 381, 382, 385, 386, 387, 388, 390, 393, 397, 403, 405, 406, 407, 409, 412, 417, 418, 423, 426, 429, 430, 431, 434, 443, 446, 447, 449, 450, 453, 454, 455, 458, 461, 462, 472, 477, 483, 484, 485, 488, 494, 497, 502, 503, 505, 508, 516, 517, 519, 520, 521, 522, 523, 524, 526, 527, 528, 529, 532, 533, 534, 535, 537, 538, 539, 540, 542, 543, 544, 545, 548, 557, 558, 560, 561, 562, 564, 565, 569], "excluded_lines": []}}}, "attic/root_tests/test_enhanced_trading_system.py": {"executed_lines": [2, 7, 8, 9, 10, 13, 15, 16, 17, 20, 24, 27, 77, 127, 171, 213, 257], "summary": {"covered_lines": 16, "num_statements": 118, "percent_covered": 13.559322033898304, "percent_covered_display": "14", "missing_lines": 102, "excluded_lines": 0}, "missing_lines": [29, 31, 47, 50, 57, 60, 61, 62, 64, 65, 66, 67, 68, 69, 71, 72, 74, 79, 81, 83, 86, 87, 90, 91, 93, 94, 96, 108, 110, 111, 112, 115, 121, 122, 124, 129, 132, 134, 135, 136, 138, 140, 142, 144, 147, 148, 150, 151, 152, 153, 154, 155, 156, 159, 160, 161, 162, 164, 166, 167, 168, 173, 175, 191, 193, 196, 197, 200, 201, 202, 204, 205, 206, 207, 208, 210, 215, 216, 218, 225, 227, 228, 229, 230, 231, 232, 233, 236, 237, 238, 240, 241, 243, 244, 245, 247, 249, 250, 251, 253, 254, 258], "excluded_lines": [], "functions": {"test_growth_target_calculator": {"executed_lines": [], "summary": {"covered_lines": 0, "num_statements": 17, "percent_covered": 0.0, "percent_covered_display": "0", "missing_lines": 17, "excluded_lines": 0}, "missing_lines": [29, 31, 47, 50, 57, 60, 61, 62, 64, 65, 66, 67, 68, 69, 71, 72, 74], "excluded_lines": []}, "test_strategy_selector": {"executed_lines": [], "summary": {"covered_lines": 0, "num_statements": 18, "percent_covered": 0.0, "percent_covered_display": "0", "missing_lines": 18, "excluded_lines": 0}, "missing_lines": [79, 81, 83, 86, 87, 90, 91, 93, 94, 96, 108, 110, 111, 112, 115, 121, 122, 124], "excluded_lines": []}, "test_paper_trading_engine": {"executed_lines": [], "summary": {"covered_lines": 0, "num_statements": 26, "percent_covered": 0.0, "percent_covered_display": "0", "missing_lines": 26, "excluded_lines": 0}, "missing_lines": [129, 132, 134, 135, 136, 138, 140, 142, 144, 147, 148, 150, 151, 152, 153, 154, 155, 156, 159, 160, 161, 162, 164, 166, 167, 168], "excluded_lines": []}, "test_risk_management": {"executed_lines": [], "summary": {"covered_lines": 0, "num_statements": 15, "percent_covered": 0.0, "percent_covered_display": "0", "missing_lines": 15, "excluded_lines": 0}, "missing_lines": [173, 175, 191, 193, 196, 197, 200, 201, 202, 204, 205, 206, 207, 208, 210], "excluded_lines": []}, "main": {"executed_lines": [], "summary": {"covered_lines": 0, "num_statements": 25, "percent_covered": 0.0, "percent_covered_display": "0", "missing_lines": 25, "excluded_lines": 0}, "missing_lines": [215, 216, 218, 225, 227, 228, 229, 230, 231, 232, 233, 236, 237, 238, 240, 241, 243, 244, 245, 247, 249, 250, 251, 253, 254], "excluded_lines": []}, "": {"executed_lines": [2, 7, 8, 9, 10, 13, 15, 16, 17, 20, 24, 27, 77, 127, 171, 213, 257], "summary": {"covered_lines": 16, "num_statements": 17, "percent_covered": 94.11764705882354, "percent_covered_display": "94", "missing_lines": 1, "excluded_lines": 0}, "missing_lines": [258], "excluded_lines": []}}, "classes": {"": {"executed_lines": [2, 7, 8, 9, 10, 13, 15, 16, 17, 20, 24, 27, 77, 127, 171, 213, 257], "summary": {"covered_lines": 16, "num_statements": 118, "percent_covered": 13.559322033898304, "percent_covered_display": "14", "missing_lines": 102, "excluded_lines": 0}, "missing_lines": [29, 31, 47, 50, 57, 60, 61, 62, 64, 65, 66, 67, 68, 69, 71, 72, 74, 79, 81, 83, 86, 87, 90, 91, 93, 94, 96, 108, 110, 111, 112, 115, 121, 122, 124, 129, 132, 134, 135, 136, 138, 140, 142, 144, 147, 148, 150, 151, 152, 153, 154, 155, 156, 159, 160, 161, 162, 164, 166, 167, 168, 173, 175, 191, 193, 196, 197, 200, 201, 202, 204, 205, 206, 207, 208, 210, 215, 216, 218, 225, 227, 228, 229, 230, 231, 232, 233, 236, 237, 238, 240, 241, 243, 244, 245, 247, 249, 250, 251, 253, 254, 258], "excluded_lines": []}}}, "attic/root_tests/test_meaningful_validation.py": {"executed_lines": [2, 7, 8, 9, 10, 11, 13, 14, 17, 19, 21, 22, 25, 26, 29, 30, 32, 37, 42, 47, 53, 59, 65, 72, 113, 175, 248, 339, 389, 456], "summary": {"covered_lines": 28, "num_statements": 236, "percent_covered": 11.864406779661017, "percent_covered_display": "12", "missing_lines": 208, "excluded_lines": 0}, "missing_lines": [33, 34, 35, 39, 40, 44, 45, 49, 50, 51, 55, 56, 57, 61, 62, 63, 67, 68, 69, 74, 76, 78, 79, 80, 83, 84, 86, 98, 99, 102, 104, 107, 109, 110, 115, 118, 121, 123, 126, 127, 129, 130, 131, 132, 134, 135, 136, 138, 139, 140, 147, 148, 149, 152, 153, 154, 157, 158, 161, 162, 163, 166, 167, 169, 172, 177, 180, 183, 194, 197, 198, 199, 200, 201, 202, 204, 205, 206, 208, 210, 211, 212, 213, 214, 216, 217, 218, 221, 222, 225, 226, 227, 228, 231, 232, 235, 236, 237, 238, 240, 242, 245, 250, 253, 256, 257, 258, 260, 261, 262, 263, 264, 265, 267, 268, 270, 271, 273, 275, 286, 289, 290, 292, 293, 294, 295, 296, 297, 298, 299, 300, 301, 303, 305, 306, 307, 309, 310, 311, 314, 315, 318, 319, 322, 323, 326, 327, 330, 331, 333, 336, 341, 344, 353, 354, 356, 357, 360, 362, 363, 366, 367, 370, 373, 378, 379, 381, 382, 383, 385, 386, 391, 392, 394, 397, 404, 405, 407, 408, 409, 410, 411, 412, 414, 415, 416, 417, 420, 421, 422, 423, 425, 426, 427, 428, 430, 431, 432, 433, 436, 445, 446, 448, 449, 450, 452, 453, 457], "excluded_lines": [], "functions": {"MeaningfulValidationTest.__init__": {"executed_lines": [], "summary": {"covered_lines": 0, "num_statements": 3, "percent_covered": 0.0, "percent_covered_display": "0", "missing_lines": 3, "excluded_lines": 0}, "missing_lines": [33, 34, 35], "excluded_lines": []}, "MeaningfulValidationTest.log_error": {"executed_lines": [], "summary": {"covered_lines": 0, "num_statements": 2, "percent_covered": 0.0, "percent_covered_display": "0", "missing_lines": 2, "excluded_lines": 0}, "missing_lines": [39, 40], "excluded_lines": []}, "MeaningfulValidationTest.log_warning": {"executed_lines": [], "summary": {"covered_lines": 0, "num_statements": 2, "percent_covered": 0.0, "percent_covered_display": "0", "missing_lines": 2, "excluded_lines": 0}, "missing_lines": [44, 45], "excluded_lines": []}, "MeaningfulValidationTest.assert_true": {"executed_lines": [], "summary": {"covered_lines": 0, "num_statements": 3, "percent_covered": 0.0, "percent_covered_display": "0", "missing_lines": 3, "excluded_lines": 0}, "missing_lines": [49, 50, 51], "excluded_lines": []}, "MeaningfulValidationTest.assert_greater": {"executed_lines": [], "summary": {"covered_lines": 0, "num_statements": 3, "percent_covered": 0.0, "percent_covered_display": "0", "missing_lines": 3, "excluded_lines": 0}, "missing_lines": [55, 56, 57], "excluded_lines": []}, "MeaningfulValidationTest.assert_greater_equal": {"executed_lines": [], "summary": {"covered_lines": 0, "num_statements": 3, "percent_covered": 0.0, "percent_covered_display": "0", "missing_lines": 3, "excluded_lines": 0}, "missing_lines": [61, 62, 63], "excluded_lines": []}, "MeaningfulValidationTest.assert_not_equal": {"executed_lines": [], "summary": {"covered_lines": 0, "num_statements": 3, "percent_covered": 0.0, "percent_covered_display": "0", "missing_lines": 3, "excluded_lines": 0}, "missing_lines": [67, 68, 69], "excluded_lines": []}, "load_test_data": {"executed_lines": [], "summary": {"covered_lines": 0, "num_statements": 15, "percent_covered": 0.0, "percent_covered_display": "0", "missing_lines": 15, "excluded_lines": 0}, "missing_lines": [74, 76, 78, 79, 80, 83, 84, 86, 98, 99, 102, 104, 107, 109, 110], "excluded_lines": []}, "test_strategy_selector_meaningful": {"executed_lines": [], "summary": {"covered_lines": 0, "num_statements": 31, "percent_covered": 0.0, "percent_covered_display": "0", "missing_lines": 31, "excluded_lines": 0}, "missing_lines": [115, 118, 121, 123, 126, 127, 129, 130, 131, 132, 134, 135, 136, 138, 139, 140, 147, 148, 149, 152, 153, 154, 157, 158, 161, 162, 163, 166, 167, 169, 172], "excluded_lines": []}, "test_paper_trading_meaningful": {"executed_lines": [], "summary": {"covered_lines": 0, "num_statements": 37, "percent_covered": 0.0, "percent_covered_display": "0", "missing_lines": 37, "excluded_lines": 0}, "missing_lines": [177, 180, 183, 194, 197, 198, 199, 200, 201, 202, 204, 205, 206, 208, 210, 211, 212, 213, 214, 216, 217, 218, 221, 222, 225, 226, 227, 228, 231, 232, 235, 236, 237, 238, 240, 242, 245], "excluded_lines": []}, "test_walkforward_meaningful": {"executed_lines": [], "summary": {"covered_lines": 0, "num_statements": 49, "percent_covered": 0.0, "percent_covered_display": "0", "missing_lines": 49, "excluded_lines": 0}, "missing_lines": [250, 253, 256, 257, 258, 260, 261, 262, 263, 264, 265, 267, 268, 270, 271, 273, 275, 286, 289, 290, 292, 293, 294, 295, 296, 297, 298, 299, 300, 301, 303, 305, 306, 307, 309, 310, 311, 314, 315, 318, 319, 322, 323, 326, 327, 330, 331, 333, 336], "excluded_lines": []}, "test_objective_functions_meaningful": {"executed_lines": [], "summary": {"covered_lines": 0, "num_statements": 20, "percent_covered": 0.0, "percent_covered_display": "0", "missing_lines": 20, "excluded_lines": 0}, "missing_lines": [341, 344, 353, 354, 356, 357, 360, 362, 363, 366, 367, 370, 373, 378, 379, 381, 382, 383, 385, 386], "excluded_lines": []}, "main": {"executed_lines": [], "summary": {"covered_lines": 0, "num_statements": 36, "percent_covered": 0.0, "percent_covered_display": "0", "missing_lines": 36, "excluded_lines": 0}, "missing_lines": [391, 392, 394, 397, 404, 405, 407, 408, 409, 410, 411, 412, 414, 415, 416, 417, 420, 421, 422, 423, 425, 426, 427, 428, 430, 431, 432, 433, 436, 445, 446, 448, 449, 450, 452, 453], "excluded_lines": []}, "": {"executed_lines": [2, 7, 8, 9, 10, 11, 13, 14, 17, 19, 21, 22, 25, 26, 29, 30, 32, 37, 42, 47, 53, 59, 65, 72, 113, 175, 248, 339, 389, 456], "summary": {"covered_lines": 28, "num_statements": 29, "percent_covered": 96.55172413793103, "percent_covered_display": "97", "missing_lines": 1, "excluded_lines": 0}, "missing_lines": [457], "excluded_lines": []}}, "classes": {"MeaningfulValidationTest": {"executed_lines": [], "summary": {"covered_lines": 0, "num_statements": 19, "percent_covered": 0.0, "percent_covered_display": "0", "missing_lines": 19, "excluded_lines": 0}, "missing_lines": [33, 34, 35, 39, 40, 44, 45, 49, 50, 51, 55, 56, 57, 61, 62, 63, 67, 68, 69], "excluded_lines": []}, "": {"executed_lines": [2, 7, 8, 9, 10, 11, 13, 14, 17, 19, 21, 22, 25, 26, 29, 30, 32, 37, 42, 47, 53, 59, 65, 72, 113, 175, 248, 339, 389, 456], "summary": {"covered_lines": 28, "num_statements": 217, "percent_covered": 12.903225806451612, "percent_covered_display": "13", "missing_lines": 189, "excluded_lines": 0}, "missing_lines": [74, 76, 78, 79, 80, 83, 84, 86, 98, 99, 102, 104, 107, 109, 110, 115, 118, 121, 123, 126, 127, 129, 130, 131, 132, 134, 135, 136, 138, 139, 140, 147, 148, 149, 152, 153, 154, 157, 158, 161, 162, 163, 166, 167, 169, 172, 177, 180, 183, 194, 197, 198, 199, 200, 201, 202, 204, 205, 206, 208, 210, 211, 212, 213, 214, 216, 217, 218, 221, 222, 225, 226, 227, 228, 231, 232, 235, 236, 237, 238, 240, 242, 245, 250, 253, 256, 257, 258, 260, 261, 262, 263, 264, 265, 267, 268, 270, 271, 273, 275, 286, 289, 290, 292, 293, 294, 295, 296, 297, 298, 299, 300, 301, 303, 305, 306, 307, 309, 310, 311, 314, 315, 318, 319, 322, 323, 326, 327, 330, 331, 333, 336, 341, 344, 353, 354, 356, 357, 360, 362, 363, 366, 367, 370, 373, 378, 379, 381, 382, 383, 385, 386, 391, 392, 394, 397, 404, 405, 407, 408, 409, 410, 411, 412, 414, 415, 416, 417, 420, 421, 422, 423, 425, 426, 427, 428, 430, 431, 432, 433, 436, 445, 446, 448, 449, 450, 452, 453, 457], "excluded_lines": []}}}, "attic/root_tests/test_ml_backtesting.py": {"executed_lines": [2, 7, 8, 9, 11, 12, 15, 17, 18, 19, 25, 26, 29, 32, 35, 67, 111, 143, 265, 337, 351, 402, 447], "summary": {"covered_lines": 22, "num_statements": 188, "percent_covered": 11.702127659574469, "percent_covered_display": "12", "missing_lines": 166, "excluded_lines": 0}, "missing_lines": [37, 40, 41, 44, 45, 46, 48, 50, 53, 64, 69, 72, 73, 74, 75, 78, 84, 85, 88, 90, 97, 100, 101, 104, 105, 106, 108, 113, 116, 119, 130, 131, 132, 135, 136, 137, 139, 140, 145, 148, 151, 152, 153, 155, 157, 159, 160, 161, 162, 164, 165, 167, 173, 176, 179, 196, 197, 203, 204, 207, 210, 211, 212, 213, 214, 216, 226, 228, 229, 230, 231, 234, 235, 236, 238, 240, 241, 242, 243, 246, 259, 260, 262, 267, 268, 269, 270, 273, 274, 276, 278, 281, 282, 285, 286, 287, 288, 290, 293, 294, 302, 303, 304, 306, 316, 318, 320, 321, 324, 327, 329, 339, 340, 342, 343, 344, 345, 346, 348, 353, 356, 375, 376, 379, 380, 381, 382, 383, 384, 385, 388, 389, 391, 392, 393, 395, 396, 397, 399, 404, 405, 407, 414, 416, 417, 418, 419, 420, 421, 422, 423, 426, 427, 428, 430, 431, 433, 434, 435, 437, 439, 440, 441, 443, 444, 448], "excluded_lines": [], "functions": {"create_synthetic_data": {"executed_lines": [], "summary": {"covered_lines": 0, "num_statements": 10, "percent_covered": 0.0, "percent_covered_display": "0", "missing_lines": 10, "excluded_lines": 0}, "missing_lines": [37, 40, 41, 44, 45, 46, 48, 50, 53, 64], "excluded_lines": []}, "test_objective_functions": {"executed_lines": [], "summary": {"covered_lines": 0, "num_statements": 17, "percent_covered": 0.0, "percent_covered_display": "0", "missing_lines": 17, "excluded_lines": 0}, "missing_lines": [69, 72, 73, 74, 75, 78, 84, 85, 88, 90, 97, 100, 101, 104, 105, 106, 108], "excluded_lines": []}, "test_ml_selector": {"executed_lines": [], "summary": {"covered_lines": 0, "num_statements": 11, "percent_covered": 0.0, "percent_covered_display": "0", "missing_lines": 11, "excluded_lines": 0}, "missing_lines": [113, 116, 119, 130, 131, 132, 135, 136, 137, 139, 140], "excluded_lines": []}, "test_walk_forward_analysis": {"executed_lines": [], "summary": {"covered_lines": 0, "num_statements": 45, "percent_covered": 0.0, "percent_covered_display": "0", "missing_lines": 45, "excluded_lines": 0}, "missing_lines": [145, 148, 151, 152, 153, 155, 157, 159, 160, 161, 162, 164, 165, 167, 173, 176, 179, 196, 197, 203, 204, 207, 210, 211, 212, 213, 214, 216, 226, 228, 229, 230, 231, 234, 235, 236, 238, 240, 241, 242, 243, 246, 259, 260, 262], "excluded_lines": []}, "simulate_trading_period": {"executed_lines": [], "summary": {"covered_lines": 0, "num_statements": 28, "percent_covered": 0.0, "percent_covered_display": "0", "missing_lines": 28, "excluded_lines": 0}, "missing_lines": [267, 268, 269, 270, 273, 274, 276, 278, 281, 282, 285, 286, 287, 288, 290, 293, 294, 302, 303, 304, 306, 316, 318, 320, 321, 324, 327, 329], "excluded_lines": []}, "calculate_max_drawdown": {"executed_lines": [], "summary": {"covered_lines": 0, "num_statements": 8, "percent_covered": 0.0, "percent_covered_display": "0", "missing_lines": 8, "excluded_lines": 0}, "missing_lines": [339, 340, 342, 343, 344, 345, 346, 348], "excluded_lines": []}, "test_paper_trading_with_ml": {"executed_lines": [], "summary": {"covered_lines": 0, "num_statements": 20, "percent_covered": 0.0, "percent_covered_display": "0", "missing_lines": 20, "excluded_lines": 0}, "missing_lines": [353, 356, 375, 376, 379, 380, 381, 382, 383, 384, 385, 388, 389, 391, 392, 393, 395, 396, 397, 399], "excluded_lines": []}, "main": {"executed_lines": [], "summary": {"covered_lines": 0, "num_statements": 26, "percent_covered": 0.0, "percent_covered_display": "0", "missing_lines": 26, "excluded_lines": 0}, "missing_lines": [404, 405, 
[...]
sing_lines": 0, "excluded_lines": 0}, "missing_lines": [], "excluded_lines": []}, "cleanup_old_orders": {"executed_lines": [118, 119, 121, 122, 123, 124, 125, 126, 128, 129, 131], "summary": {"covered_lines": 11, "num_statements": 11, "percent_covered": 100.0, "percent_covered_display": "100", "missing_lines": 0, "excluded_lines": 0}, "missing_lines": [], "excluded_lines": []}, "": {"executed_lines": [1, 5, 6, 7, 8, 9, 11, 14, 21, 27, 46, 58, 77, 90, 109], "summary": {"covered_lines": 14, "num_statements": 14, "percent_covered": 100.0, "percent_covered_display": "100", "missing_lines": 0, "excluded_lines": 0}, "missing_lines": [], "excluded_lines": []}}, "classes": {"": {"executed_lines": [1, 5, 6, 7, 8, 9, 11, 14, 16, 17, 18, 21, 23, 24, 27, 37, 38, 40, 41, 43, 46, 55, 58, 68, 69, 74, 77, 86, 87, 90, 100, 101, 102, 103, 104, 105, 106, 109, 118, 119, 121, 122, 123, 124, 125, 126, 128, 129, 131], "summary": {"covered_lines": 48, "num_statements": 48, "percent_covered": 100.0, "percent_covered_display": "100", "missing_lines": 0, "excluded_lines": 0}, "missing_lines": [], "excluded_lines": []}}}, "utils/quotes_provider.py": {"executed_lines": [1, 3, 4, 5, 6, 7, 10, 11, 16, 17, 18, 20, 21, 22, 30, 31, 33, 34, 35, 36, 38, 39, 40, 43, 44, 45, 46, 49, 50, 53, 62, 63, 64, 65, 67, 69, 72, 75, 83, 88, 89, 90, 92, 93, 94, 95, 96, 101], "summary": {"covered_lines": 47, "num_statements": 52, "percent_covered": 90.38461538461539, "percent_covered_display": "90", "missing_lines": 5, "excluded_lines": 3}, "missing_lines": [41, 48, 85, 97, 99], "excluded_lines": [13, 14, 15], "functions": {"QuoteProvider.quote": {"executed_lines": [], "summary": {"covered_lines": 0, "num_statements": 0, "percent_covered": 100.0, "percent_covered_display": "100", "missing_lines": 0, "excluded_lines": 1}, "missing_lines": [], "excluded_lines": [13]}, "DummyMidProvider.__init__": {"executed_lines": [18], "summary": {"covered_lines": 1, "num_statements": 1, "percent_covered": 100.0, "percent_covered_display": "100", "missing_lines": 0, "excluded_lines": 0}, "missing_lines": [], "excluded_lines": []}, "DummyMidProvider.quote": {"executed_lines": [21, 22], "summary": {"covered_lines": 2, "num_statements": 2, "percent_covered": 100.0, "percent_covered_display": "100", "missing_lines": 0, "excluded_lines": 0}, "missing_lines": [], "excluded_lines": []}, "RateLimitedProvider.__init__": {"executed_lines": [34, 35, 36], "summary": {"covered_lines": 3, "num_statements": 3, "percent_covered": 100.0, "percent_covered_display": "100", "missing_lines": 0, "excluded_lines": 0}, "missing_lines": [], "excluded_lines": []}, "RateLimitedProvider._prune": {"executed_lines": [39, 40], "summary": {"covered_lines": 2, "num_statements": 3, "percent_covered": 66.66666666666667, "percent_covered_display": "67", "missing_lines": 1, "excluded_lines": 0}, "missing_lines": [41], "excluded_lines": []}, "RateLimitedProvider.quote": {"executed_lines": [44, 45, 46, 49, 50], "summary": {"covered_lines": 5, "num_statements": 6, "percent_covered": 83.33333333333333, "percent_covered_display": "83", "missing_lines": 1, "excluded_lines": 0}, "missing_lines": [48], "excluded_lines": []}, "get_quote_provider": {"executed_lines": [62, 63, 64, 65, 67, 69, 72, 75, 83, 88, 89, 90, 92, 93, 94, 95, 96, 101], "summary": {"covered_lines": 18, "num_statements": 21, "percent_covered": 85.71428571428571, "percent_covered_display": "86", "missing_lines": 3, "excluded_lines": 0}, "missing_lines": [85, 97, 99], "excluded_lines": []}, "": {"executed_lines": [1, 3, 4, 5, 6, 7, 10, 11, 16, 17, 20, 30, 31, 33, 38, 43, 53], "summary": {"covered_lines": 16, "num_statements": 16, "percent_covered": 100.0, "percent_covered_display": "100", "missing_lines": 0, "excluded_lines": 2}, "missing_lines": [], "excluded_lines": [14, 15]}}, "classes": {"QuoteProvider": {"executed_lines": [], "summary": {"covered_lines": 0, "num_statements": 0, "percent_covered": 100.0, "percent_covered_display": "100", "missing_lines": 0, "excluded_lines": 1}, "missing_lines": [], "excluded_lines": [13]}, "DummyMidProvider": {"executed_lines": [18, 21, 22], "summary": {"covered_lines": 3, "num_statements": 3, "percent_covered": 100.0, "percent_covered_display": "100", "missing_lines": 0, "excluded_lines": 0}, "missing_lines": [], "excluded_lines": []}, "RateLimitedProvider": {"executed_lines": [34, 35, 36, 39, 40, 44, 45, 46, 49, 50], "summary": {"covered_lines": 10, "num_statements": 12, "percent_covered": 83.33333333333333, "percent_covered_display": "83", "missing_lines": 2, "excluded_lines": 0}, "missing_lines": [41, 48], "excluded_lines": []}, "": {"executed_lines": [1, 3, 4, 5, 6, 7, 10, 11, 16, 17, 20, 30, 31, 33, 38, 43, 53, 62, 63, 64, 65, 67, 69, 72, 75, 83, 88, 89, 90, 92, 93, 94, 95, 96, 101], "summary": {"covered_lines": 34, "num_statements": 37, "percent_covered": 91.89189189189189, "percent_covered_display": "92", "missing_lines": 3, "excluded_lines": 2}, "missing_lines": [85, 97, 99], "excluded_lines": [14, 15]}}}, "utils/quotes_provider_ibkr.py": {"executed_lines": [2, 4, 5, 6, 8, 9, 15, 16, 17, 18, 19, 20, 21, 22, 25, 26, 27, 28, 31, 32, 33, 35, 36, 37, 40, 42, 44, 45, 46, 48, 49, 50, 52, 60, 62, 63], "summary": {"covered_lines": 36, "num_statements": 37, "percent_covered": 97.29729729729729, "percent_covered_display": "97", "missing_lines": 1, "excluded_lines": 3}, "missing_lines": [29], "excluded_lines": [10, 11, 12], "functions": {"IBKRQuoteProvider.__init__": {"executed_lines": [27, 28, 31, 32, 33], "summary": {"covered_lines": 5, "num_statements": 6, "percent_covered": 83.33333333333333, "percent_covered_display": "83", "missing_lines": 1, "excluded_lines": 0}, "missing_lines": [29], "excluded_lines": []}, "IBKRQuoteProvider._c": {"executed_lines": [36, 37, 40], "summary": {"covered_lines": 3, "num_statements": 3, "percent_covered": 100.0, "percent_covered_display": "100", "missing_lines": 0, "excluded_lines": 0}, "missing_lines": [], "excluded_lines": []}, "IBKRQuoteProvider.quote": {"executed_lines": [44, 45, 46, 48, 49, 50, 52], "summary": {"covered_lines": 7, "num_statements": 7, "percent_covered": 100.0, "percent_covered_display": "100", "missing_lines": 0, "excluded_lines": 0}, "missing_lines": [], "excluded_lines": []}, "IBKRQuoteProvider.close": {"executed_lines": [62, 63], "summary": {"covered_lines": 2, "num_statements": 2, "percent_covered": 100.0, "percent_covered_display": "100", "missing_lines": 0, "excluded_lines": 0}, "missing_lines": [], "excluded_lines": []}, "": {"executed_lines": [2, 4, 5, 6, 8, 9, 15, 16, 17, 18, 19, 20, 21, 22, 25, 26, 35, 42, 60], "summary": {"covered_lines": 19, "num_statements": 19, "percent_covered": 100.0, "percent_covered_display": "100", "missing_lines": 0, "excluded_lines": 3}, "missing_lines": [], "excluded_lines": [10, 11, 12]}}, "classes": {"IBKRQuoteConfig": {"executed_lines": [], "summary": {"covered_lines": 0, "num_statements": 0, "percent_covered": 100.0, "percent_covered_display": "100", "missing_lines": 0, "excluded_lines": 0}, "missing_lines": [], "excluded_lines": []}, "IBKRQuoteProvider": {"executed_lines": [27, 28, 31, 32, 33, 36, 37, 40, 44, 45, 46, 48, 49, 50, 52, 62, 63], "summary": {"covered_lines": 17, "num_statements": 18, "percent_covered": 94.44444444444444, "percent_covered_display": "94", "missing_lines": 1, "excluded_lines": 0}, "missing_lines": [29], "excluded_lines": []}, "": {"executed_lines": [2, 4, 5, 6, 8, 9, 15, 16, 17, 18, 19, 20, 21, 22, 25, 26, 35, 42, 60], "summary": {"covered_lines": 19, "num_statements": 19, "percent_covered": 100.0, "percent_covered_display": "100", "missing_lines": 0, "excluded_lines": 3}, "missing_lines": [], "excluded_lines": [10, 11, 12]}}}, "utils/risk_clamp.py": {"executed_lines": [1, 4, 8, 9, 17, 18, 19, 20, 21, 29], "summary": {"covered_lines": 10, "num_statements": 11, "percent_covered": 90.9090909090909, "percent_covered_display": "91", "missing_lines": 1, "excluded_lines": 0}, "missing_lines": [10], "excluded_lines": [], "functions": {"clamp_weights": {"executed_lines": [8, 9, 17, 18, 19, 20, 21, 29], "summary": {"covered_lines": 8, "num_statements": 9, "percent_covered": 88.88888888888889, "percent_covered_display": "89", "missing_lines": 1, "excluded_lines": 0}, "missing_lines": [10], "excluded_lines": []}, "": {"executed_lines": [1, 4], "summary": {"covered_lines": 2, "num_statements": 2, "percent_covered": 100.0, "percent_covered_display": "100", "missing_lines": 0, "excluded_lines": 0}, "missing_lines": [], "excluded_lines": []}}, "classes": {"": {"executed_lines": [1, 4, 8, 9, 17, 18, 19, 20, 21, 29], "summary": {"covered_lines": 10, "num_statements": 11, "percent_covered": 90.9090909090909, "percent_covered_display": "91", "missing_lines": 1, "excluded_lines": 0}, "missing_lines": [10], "excluded_lines": []}}}, "viz/__init__.py": {"executed_lines": [], "summary": {"covered_lines": 0, "num_statements": 1, "percent_covered": 0.0, "percent_covered_display": "0", "missing_lines": 1, "excluded_lines": 0}, "missing_lines": [8], "excluded_lines": [], "functions": {"": {"executed_lines": [], "summary": {"covered_lines": 0, "num_statements": 1, "percent_covered": 0.0, "percent_covered_display": "0", "missing_lines": 1, "excluded_lines": 0}, "missing_lines": [8], "excluded_lines": []}}, "classes": {"": {"executed_lines": [], "summary": {"covered_lines": 0, "num_statements": 1, "percent_covered": 0.0, "percent_covered_display": "0", "missing_lines": 1, "excluded_lines": 0}, "missing_lines": [8], "excluded_lines": []}}}, "viz/base_visualizer.py": {"executed_lines": [], "summary": {"covered_lines": 0, "num_statements": 84, "percent_covered": 0.0, "percent_covered_display": "0", "missing_lines": 84, "excluded_lines": 0}, "missing_lines": [7, 8, 10, 11, 12, 14, 17, 20, 21, 22, 23, 24, 25, 26, 27, 30, 41, 48, 49, 52, 62, 63, 67, 79, 80, 81, 82, 84, 96, 99, 100, 101, 102, 104, 106, 116, 117, 118, 119, 120, 121, 123, 124, 125, 127, 137, 138, 139, 140, 142, 143, 144, 145, 147, 148, 149, 150, 151, 153, 163, 164, 165, 166, 167, 168, 170, 171, 172, 173, 174, 176, 186, 189, 190, 193, 194, 196, 197, 198, 207, 214, 224, 226, 237], "excluded_lines": [], "functions": {"BaseVisualizer.__init__": {"executed_lines": [], "summary": {"covered_lines": 0, "num_statements": 5, "percent_covered": 0.0, "percent_covered_display": "0", "missing_lines": 5, "excluded_lines": 0}, "missing_lines": [48, 49, 52, 62, 63], "excluded_lines": []}, "BaseVisualizer.save_plot": {"executed_lines": [], "summary": {"covered_lines": 0, "num_statements": 4, "percent_covered": 0.0, "percent_covered_display": "0", "missing_lines": 4, "excluded_lines": 0}, "missing_lines": [79, 80, 81, 82], "excluded_lines": []}, "BaseVisualizer.create_subplot_grid": {"executed_lines": [], "summary": {"covered_lines": 0, "num_statements": 6, "percent_covered": 0.0, "percent_covered_display": "0", "missing_lines": 6, "excluded_lines": 0}, "missing_lines": [96, 99, 100, 101, 102, 104], "excluded_lines": []}, "BaseVisualizer.style_axis": {"executed_lines": [], "summary": {"covered_lines": 0, "num_statements": 9, "percent_covered": 0.0, "percent_covered_display": "0", "missing_lines": 9, "excluded_lines": 0}, "missing_lines": [116, 117, 118, 119, 120, 121, 123, 124, 125], "excluded_lines": []}, "BaseVisualizer.load_json_data": {"executed_lines": [], "summary": {"covered_lines": 0, "num_statements": 13, "percent_covered": 0.0, "percent_covered_display": "0", "missing_lines": 13, "excluded_lines": 0}, "missing_lines": [137, 138, 139, 140, 142, 143, 144, 145, 147, 148, 149, 150, 151], "excluded_lines": []}, "BaseVisualizer.load_csv_data": {"executed_lines": [], "summary": {"covered_lines": 0, "num_statements": 11, "percent_covered": 0.0, "percent_covered_display": "0", "missing_lines": 11, "excluded_lines": 0}, "missing_lines": [163, 164, 165, 166, 167, 168, 170, 171, 172, 173, 174], "excluded_lines": []}, "BaseVisualizer.generate_simulation_data": {"executed_lines": [], "summary": {"covered_lines": 0, "num_statements": 9, "percent_covered": 0.0, "percent_covered_display": "0", "missing_lines": 9, "excluded_lines": 0}, "missing_lines": [186, 189, 190, 193, 194, 196, 197, 198, 207], "excluded_lines": []}, "BaseVisualizer.format_percentage": {"executed_lines": [], "summary": {"covered_lines": 0, "num_statements": 1, "percent_covered": 0.0, "percent_covered_display": "0", "missing_lines": 1, "excluded_lines": 0}, "missing_lines": [224], "excluded_lines": []}, "BaseVisualizer.format_number": {"executed_lines": [], "summary": {"covered_lines": 0, "num_statements": 1, "percent_covered": 0.0, "percent_covered_display": "0", "missing_lines": 1, "excluded_lines": 0}, "missing_lines": [237], "excluded_lines": []}, "": {"executed_lines": [], "summary": {"covered_lines": 0, "num_statements": 25, "percent_covered": 0.0, "percent_covered_display": "0", "missing_lines": 25, "excluded_lines": 0}, "missing_lines": [7, 8, 10, 11, 12, 14, 17, 20, 21, 22, 23, 24, 25, 26, 27, 30, 41, 67, 84, 106, 127, 153, 176, 214, 226], "excluded_lines": []}}, "classes": {"BaseVisualizer": {"executed_lines": [], "summary": {"covered_lines": 0, "num_statements": 59, "percent_covered": 0.0, "percent_covered_display": "0", "missing_lines": 59, "excluded_lines": 0}, "missing_lines": [48, 49, 52, 62, 63, 79, 80, 81, 82, 96, 99, 100, 101, 102, 104, 116, 117, 118, 119, 120, 121, 123, 124, 125, 137, 138, 139, 140, 142, 143, 144, 145, 147, 148, 149, 150, 151, 163, 164, 165, 166, 167, 168, 170, 171, 172, 173, 174, 186, 189, 190, 193, 194, 196, 197, 198, 207, 224, 237], "excluded_lines": []}, "": {"executed_lines": [], "summary": {"covered_lines": 0, "num_statements": 25, "percent_covered": 0.0, "percent_covered_display": "0", "missing_lines": 25, "excluded_lines": 0}, "missing_lines": [7, 8, 10, 11, 12, 14, 17, 20, 21, 22, 23, 24, 25, 26, 27, 30, 41, 67, 84, 106, 127, 153, 176, 214, 226], "excluded_lines": []}}}, "viz/ml_visualizer.py": {"executed_lines": [], "summary": {"covered_lines": 0, "num_statements": 131, "percent_covered": 0.0, "percent_covered_display": "0", "missing_lines": 131, "excluded_lines": 0}, "missing_lines": [8, 10, 11, 12, 14, 17, 28, 30, 32, 34, 37, 38, 46, 49, 52, 55, 57, 59, 60, 61, 63, 64, 66, 68, 70, 71, 79, 82, 85, 88, 90, 92, 93, 94, 96, 97, 99, 101, 102, 105, 107, 108, 111, 112, 113, 121, 123, 125, 126, 129, 130, 131, 133, 134, 135, 137, 138, 139, 141, 143, 144, 147, 148, 149, 151, 152, 153, 155, 156, 158, 161, 162, 163, 165, 166, 168, 176, 184, 185, 186, 187, 188, 190, 193, 194, 196, 199, 200, 201, 203, 206, 207, 215, 218, 220, 221, 224, 225, 231, 233, 235, 236, 239, 240, 242, 243, 244, 246, 248, 251, 252, 255, 256, 257, 259, 262, 263, 271, 272, 274, 276, 278, 284, 285, 286, 287, 289, 290, 292, 293, 294], "excluded_lines": [], "functions": {"MLVisualizer.__init__": {"executed_lines": [], "summary": {"covered_lines": 0, "num_statements": 1, "percent_covered": 0.0, "percent_covered_display": "0", "missing_lines": 1, "excluded_lines": 0}, "missing_lines": [30], "excluded_lines": []}, "MLVisualizer.create_learning_plots": {"executed_lines": [], "summary": {"covered_lines": 0, "num_statements": 13, "percent_covered": 0.0, "percent_covered_display": "0", "missing_lines": 13, "excluded_lines": 0}, "missing_lines": [34, 37, 38, 46, 49, 52, 55, 57, 59, 60, 61, 63, 64], "excluded_lines": []}, "MLVisualizer.create_prediction_plots": {"executed_lines": [], "summary": {"covered_lines": 0, "num_statements": 13, "percent_covered": 0.0, "percent_covered_display": "0", "missing_lines": 13, "excluded_lines": 0}, "missing_lines": [68, 70, 71, 79, 82, 85, 88, 90, 92, 93, 94, 96, 97], "excluded_lines": []}, "MLVisualizer._plot_trade_count_simulation": {"executed_lines": [], "summary": {"covered_lines": 0, "num_statements": 9, "percent_covered": 0.0, "percent_covered_display": "0", "missing_lines": 9, "excluded_lines": 0}, "missing_lines": [101, 102, 105, 107, 108, 111, 112, 113, 121], "excluded_lines": []}, "MLVisualizer._plot_model_performance_simulation": {"executed_lines": [], "summary": {"covered_lines": 0, "num_statements": 11, "percent_covered": 0.0, "percent_covered_display": "0", "missing_lines": 11, "excluded_lines": 0}, "missing_lines": [125, 126, 129, 130, 131, 133, 134, 135, 137, 138, 139], "excluded_lines": []}, "MLVisualizer._plot_strategy_comparison_simulation": {"executed_lines": [], "summary": {"covered_lines": 0, "num_statements": 10, "percent_covered": 0.0, "percent_covered_display": "0", "missing_lines": 10, "excluded_lines": 0}, "missing_lines": [143, 144, 147, 148, 149, 151, 152, 153, 155, 156], "excluded_lines": []}, "MLVisualizer._plot_learning_summary_simulation": {"executed_lines": [], "summary": {"covered_lines": 0, "num_statements": 12, "percent_covered": 0.0, "percent_covered_display": "0", "missing_lines": 12, "excluded_lines": 0}, "missing_lines": [161, 162, 163, 165, 166, 168, 176, 184, 185, 186, 187, 188], "excluded_lines": []}, "MLVisualizer._plot_predicted_vs_actual_simulation": {"executed_lines": [], "summary": {"covered_lines": 0, "num_statements": 9, "percent_covered": 0.0, "percent_covered_display": "0", "missing_lines": 9, "excluded_lines": 0}, "missing_lines": [193, 194, 196, 199, 200, 201, 203, 206, 207], "excluded_lines": []}, "MLVisualizer._plot_confidence_distribution_simulation": {"executed_lines": [], "summary": {"covered_lines": 0, "num_statements": 6, "percent_covered": 0.0, "percent_covered_display": "0", "missing_lines": 6, "excluded_lines": 0}, "missing_lines": [218, 220, 221, 224, 225, 231], "excluded_lines": []}, "MLVisualizer._plot_prediction_error_simulation": {"executed_lines": [], "summary": {"covered_lines": 0, "num_statements": 8, "percent_covered": 0.0, "percent_covered_display": "0", "missing_lines": 8, "excluded_lines": 0}, "missing_lines": [235, 236, 239, 240, 242, 243, 244, 246], "excluded_lines": []}, "MLVisualizer._plot_feature_importance_simulation": {"executed_lines": [], "summary": {"covered_lines": 0, "num_statements": 10, "percent_covered": 0.0, "percent_covered_display": "0", "missing_lines": 10, "excluded_lines": 0}, "missing_lines": [251, 252, 255, 256, 257, 259, 262, 263, 271, 272], "excluded_lines": []}, "MLVisualizer.load_ml_data": {"executed_lines": [], "summary": {"covered_lines": 0, "num_statements": 11, "percent_covered": 0.0, "percent_covered_display": "0", "missing_lines": 11, "excluded_lines": 0}, "missing_lines": [276, 278, 284, 285, 286, 287, 289, 290, 292, 293, 294], "excluded_lines": []}, "": {"executed_lines": [], "summary": {"covered_lines": 0, "num_statements": 18, "percent_covered": 0.0, "percent_covered_display": "0", "missing_lines": 18, "excluded_lines": 0}, "missing_lines": [8, 10, 11, 12, 14, 17, 28, 32, 66, 99, 123, 141, 158, 190, 215, 233, 248, 274], "excluded_lines": []}}, "classes": {"MLVisualizer": {"executed_lines": [], "summary": {"covered_lines": 0, "num_statements": 113, "percent_covered": 0.0, "percent_covered_display": "0", "missing_lines": 113, "excluded_lines": 0}, "missing_lines": [30, 34, 37, 38, 46, 49, 52, 55, 57, 59, 60, 61, 63, 64, 68, 70, 71, 79, 82, 85, 88, 90, 92, 93, 94, 96, 97, 101, 102, 105, 107, 108, 111, 112, 113, 121, 125, 126, 129, 130, 131, 133, 134, 135, 137, 138, 139, 143, 144, 147, 148, 149, 151, 152, 153, 155, 156, 161, 162, 163, 165, 166, 168, 176, 184, 185, 186, 187, 188, 193, 194, 196, 199, 200, 201, 203, 206, 207, 218, 220, 221, 224, 225, 231, 235, 236, 239, 240, 242, 243, 244, 246, 251, 252, 255, 256, 257, 259, 262, 263, 271, 272, 276, 278, 284, 285, 286, 287, 289, 290, 292, 293, 294], "excluded_lines": []}, "": {"executed_lines": [], "summary": {"covered_lines": 0, "num_statements": 18, "percent_covered": 0.0, "percent_covered_display": "0", "missing_lines": 18, "excluded_lines": 0}, "missing_lines": [8, 10, 11, 12, 14, 17, 28, 32, 66, 99, 123, 141, 158, 190, 215, 233, 248, 274], "excluded_lines": []}}}}, "totals": {"covered_lines": 8766, "num_statements": 20593, "percent_covered": 42.56786286602244, "percent_covered_display": "43", "missing_lines": 11827, "excluded_lines": 39}}